<html>
<head>
<title>TestNG:  Annotations of testNG</title>
<link href="../testng.css" rel="stylesheet" type="text/css" />
<link href="../my-testng.css" rel="stylesheet" type="text/css" />

<style type="text/css">
.log { display: none;} 
.stack-trace { display: none;} 
</style>
<script type="text/javascript">
<!--
function flip(e) {
  current = e.style.display;
  if (current == 'block') {
    e.style.display = 'none';
    return 0;
  }
  else {
    e.style.display = 'block';
    return 1;
  }
}

function toggleBox(szDivId, elem, msg1, msg2)
{
  var res = -1;  if (document.getElementById) {
    res = flip(document.getElementById(szDivId));
  }
  else if (document.all) {
    // this is the way old msie versions work
    res = flip(document.all[szDivId]);
  }
  if(elem) {
    if(res == 0) elem.innerHTML = msg1; else elem.innerHTML = msg2;
  }

}

function toggleAllBoxes() {
  if (document.getElementsByTagName) {
    d = document.getElementsByTagName('div');
    for (i = 0; i < d.length; i++) {
      if (d[i].className == 'log') {
        flip(d[i]);
      }
    }
  }
}

// -->
</script>

</head>
<body>
<h2 align='center'>Annotations of testNG</h2><table border='1' align="center">
<tr>
<td>Tests passed/Failed/Skipped:</td><td>113/3/3</td>
</tr><tr>
<td>Started on:</td><td>Tue Nov 14 03:57:29 IST 2017</td>
</tr>
<tr><td>Total time:</td><td>76 seconds (76639 ms)</td>
</tr><tr>
<td>Included groups:</td><td></td>
</tr><tr>
<td>Excluded groups:</td><td></td>
</tr>
</table><p/>
<small><i>(Hover the method name to see the test class name)</i></small><p/>
<table width='100%' border='1' class='invocation-failed'>
<tr><td colspan='4' align='center'><b>FAILED TESTS</b></td></tr>
<tr><td><b>Test method</b></td>
<td width="30%"><b>Exception</b></td>
<td width="10%"><b>Time (seconds)</b></td>
<td><b>Instance</b></td>
</tr>
<tr>
<td title='com.naveentestNG.GoogleTest.googleLogoTest()'><b>googleLogoTest</b><br>Test class: com.naveentestNG.GoogleTest</td>
<td><div><pre>org.openqa.selenium.NoSuchElementException: no such element: Unable to locate element: {&quot;method&quot;:&quot;xpath&quot;,&quot;selector&quot;:&quot;//img[@id=&apos;hplogo&apos;]&quot;}
  (Session info: chrome=62.0.3202.94)
  (Driver info: chromedriver=2.33.506120 (e3e53437346286c0bc2d2dc9aa4915ba81d9023f),platform=Windows NT 10.0.16299 x86_64) (WARNING: The server did not provide any stacktrace information)
Command duration or timeout: 0 milliseconds
For documentation on this error, please visit: http://seleniumhq.org/exceptions/no_such_element.html
Build info: version: &apos;3.6.0&apos;, revision: &apos;6fbf3ec767&apos;, time: &apos;2017-09-27T15:28:36.4Z&apos;
System info: host: &apos;DESKTOP-16VI708&apos;, ip: &apos;192.168.0.102&apos;, os.name: &apos;Windows 10&apos;, os.arch: &apos;amd64&apos;, os.version: &apos;10.0&apos;, java.version: &apos;1.8.0_151&apos;
Driver info: org.openqa.selenium.chrome.ChromeDriver
Capabilities [{mobileEmulationEnabled=false, hasTouchScreen=false, platform=XP, acceptSslCerts=true, webStorageEnabled=true, browserName=chrome, takesScreenshot=true, javascriptEnabled=true, platformName=XP, setWindowRect=true, unexpectedAlertBehaviour=, applicationCacheEnabled=false, rotatable=false, networkConnectionEnabled=false, chrome={chromedriverVersion=2.33.506120 (e3e53437346286c0bc2d2dc9aa4915ba81d9023f), userDataDir=C:\Users\Kitty\AppData\Local\Temp\scoped_dir9016_17589}, takesHeapSnapshot=true, pageLoadStrategy=normal, unhandledPromptBehavior=, databaseEnabled=false, handlesAlerts=true, version=62.0.3202.94, browserConnectionEnabled=false, nativeEvents=true, locationContextEnabled=true, cssSelectorsEnabled=true}]
Session ID: 9dd81de1708454e41b797e89456703f6
*** Element info: {Using=xpath, value=//img[@id=&apos;hplogo&apos;]}
	at org.openqa.selenium.remote.ErrorHandler.createThrowable(ErrorHandler.java:214)
	at org.openqa.selenium.remote.ErrorHandler.throwIfResponseFailed(ErrorHandler.java:166)
	at org.openqa.selenium.remote.http.JsonHttpResponseCodec.reconstructValue(JsonHttpResponseCodec.java:40)
	at org.openqa.selenium.remote.http.AbstractHttpResponseCodec.decode(AbstractHttpResponseCodec.java:82)
	at org.openqa.selenium.remote.http.AbstractHttpResponseCodec.decode(AbstractHttpResponseCodec.java:45)
	at org.openqa.selenium.remote.HttpCommandExecutor.execute(HttpCommandExecutor.java:164)
	at org.openqa.selenium.remote.service.DriverCommandExecutor.execute(DriverCommandExecutor.java:83)
	at org.openqa.selenium.remote.RemoteWebDriver.execute(RemoteWebDriver.java:586)
	at org.openqa.selenium.remote.RemoteWebDriver.findElement(RemoteWebDriver.java:356)
	at org.openqa.selenium.remote.RemoteWebDriver.findElementByXPath(RemoteWebDriver.java:458)
	at org.openqa.selenium.By$ByXPath.findElement(By.java:361)
	at org.openqa.selenium.remote.RemoteWebDriver.findElement(RemoteWebDriver.java:348)
	at com.naveentestNG.GoogleTest.googleLogoTest(GoogleTest.java:35)
... Removed 29 stack frames</pre></div><a href='#' onClick='toggleBox("stack-trace368342628", this, "Click to show all stack frames", "Click to hide stack frames")'>Click to show all stack frames</a>
<div class='stack-trace' id='stack-trace368342628'><pre>org.openqa.selenium.NoSuchElementException: no such element: Unable to locate element: {&quot;method&quot;:&quot;xpath&quot;,&quot;selector&quot;:&quot;//img[@id=&apos;hplogo&apos;]&quot;}
  (Session info: chrome=62.0.3202.94)
  (Driver info: chromedriver=2.33.506120 (e3e53437346286c0bc2d2dc9aa4915ba81d9023f),platform=Windows NT 10.0.16299 x86_64) (WARNING: The server did not provide any stacktrace information)
Command duration or timeout: 0 milliseconds
For documentation on this error, please visit: http://seleniumhq.org/exceptions/no_such_element.html
Build info: version: &apos;3.6.0&apos;, revision: &apos;6fbf3ec767&apos;, time: &apos;2017-09-27T15:28:36.4Z&apos;
System info: host: &apos;DESKTOP-16VI708&apos;, ip: &apos;192.168.0.102&apos;, os.name: &apos;Windows 10&apos;, os.arch: &apos;amd64&apos;, os.version: &apos;10.0&apos;, java.version: &apos;1.8.0_151&apos;
Driver info: org.openqa.selenium.chrome.ChromeDriver
Capabilities [{mobileEmulationEnabled=false, hasTouchScreen=false, platform=XP, acceptSslCerts=true, webStorageEnabled=true, browserName=chrome, takesScreenshot=true, javascriptEnabled=true, platformName=XP, setWindowRect=true, unexpectedAlertBehaviour=, applicationCacheEnabled=false, rotatable=false, networkConnectionEnabled=false, chrome={chromedriverVersion=2.33.506120 (e3e53437346286c0bc2d2dc9aa4915ba81d9023f), userDataDir=C:\Users\Kitty\AppData\Local\Temp\scoped_dir9016_17589}, takesHeapSnapshot=true, pageLoadStrategy=normal, unhandledPromptBehavior=, databaseEnabled=false, handlesAlerts=true, version=62.0.3202.94, browserConnectionEnabled=false, nativeEvents=true, locationContextEnabled=true, cssSelectorsEnabled=true}]
Session ID: 9dd81de1708454e41b797e89456703f6
*** Element info: {Using=xpath, value=//img[@id=&apos;hplogo&apos;]}
	at sun.reflect.NativeConstructorAccessorImpl.newInstance0(Native Method)
	at sun.reflect.NativeConstructorAccessorImpl.newInstance(Unknown Source)
	at sun.reflect.DelegatingConstructorAccessorImpl.newInstance(Unknown Source)
	at java.lang.reflect.Constructor.newInstance(Unknown Source)
	at org.openqa.selenium.remote.ErrorHandler.createThrowable(ErrorHandler.java:214)
	at org.openqa.selenium.remote.ErrorHandler.throwIfResponseFailed(ErrorHandler.java:166)
	at org.openqa.selenium.remote.http.JsonHttpResponseCodec.reconstructValue(JsonHttpResponseCodec.java:40)
	at org.openqa.selenium.remote.http.AbstractHttpResponseCodec.decode(AbstractHttpResponseCodec.java:82)
	at org.openqa.selenium.remote.http.AbstractHttpResponseCodec.decode(AbstractHttpResponseCodec.java:45)
	at org.openqa.selenium.remote.HttpCommandExecutor.execute(HttpCommandExecutor.java:164)
	at org.openqa.selenium.remote.service.DriverCommandExecutor.execute(DriverCommandExecutor.java:83)
	at org.openqa.selenium.remote.RemoteWebDriver.execute(RemoteWebDriver.java:586)
	at org.openqa.selenium.remote.RemoteWebDriver.findElement(RemoteWebDriver.java:356)
	at org.openqa.selenium.remote.RemoteWebDriver.findElementByXPath(RemoteWebDriver.java:458)
	at org.openqa.selenium.By$ByXPath.findElement(By.java:361)
	at org.openqa.selenium.remote.RemoteWebDriver.findElement(RemoteWebDriver.java:348)
	at com.naveentestNG.GoogleTest.googleLogoTest(GoogleTest.java:35)
	at sun.reflect.NativeMethodAccessorImpl.invoke0(Native Method)
	at sun.reflect.NativeMethodAccessorImpl.invoke(Unknown Source)
	at sun.reflect.DelegatingMethodAccessorImpl.invoke(Unknown Source)
	at java.lang.reflect.Method.invoke(Unknown Source)
	at org.testng.internal.MethodInvocationHelper.invokeMethod(MethodInvocationHelper.java:108)
	at org.testng.internal.Invoker.invokeMethod(Invoker.java:661)
	at org.testng.internal.Invoker.invokeTestMethod(Invoker.java:869)
	at org.testng.internal.Invoker.invokeTestMethods(Invoker.java:1193)
	at org.testng.internal.TestMethodWorker.invokeTestMethods(TestMethodWorker.java:126)
	at org.testng.internal.TestMethodWorker.run(TestMethodWorker.java:109)
	at org.testng.TestRunner.privateRun(TestRunner.java:744)
	at org.testng.TestRunner.run(TestRunner.java:602)
	at org.testng.SuiteRunner.runTest(SuiteRunner.java:380)
	at org.testng.SuiteRunner.runSequentially(SuiteRunner.java:375)
	at org.testng.SuiteRunner.privateRun(SuiteRunner.java:340)
	at org.testng.SuiteRunner.run(SuiteRunner.java:289)
	at org.testng.SuiteRunnerWorker.runSuite(SuiteRunnerWorker.java:52)
	at org.testng.SuiteRunnerWorker.run(SuiteRunnerWorker.java:86)
	at org.testng.TestNG.runSuitesSequentially(TestNG.java:1301)
	at org.testng.TestNG.runSuitesLocally(TestNG.java:1226)
	at org.testng.TestNG.runSuites(TestNG.java:1144)
	at org.testng.TestNG.run(TestNG.java:1115)
	at org.testng.remote.AbstractRemoteTestNG.run(AbstractRemoteTestNG.java:114)
	at org.testng.remote.RemoteTestNG.initAndRun(RemoteTestNG.java:251)
	at org.testng.remote.RemoteTestNG.main(RemoteTestNG.java:77)
</pre></div></td>
<td>20</td>
<td>com.naveentestNG.GoogleTest@1e397ed7</td></tr>
<tr>
<td title='com.naveentestNG.TestNGFeatures.testCase1()'><b>testCase1</b><br>Test class: com.naveentestNG.TestNGFeatures</td>
<td><div><pre>java.lang.ArithmeticException: / by zero
	at com.naveentestNG.TestNGFeatures.testCase1(TestNGFeatures.java:9)
... Removed 25 stack frames</pre></div><a href='#' onClick='toggleBox("stack-trace1921242091", this, "Click to show all stack frames", "Click to hide stack frames")'>Click to show all stack frames</a>
<div class='stack-trace' id='stack-trace1921242091'><pre>java.lang.ArithmeticException: / by zero
	at com.naveentestNG.TestNGFeatures.testCase1(TestNGFeatures.java:9)
	at sun.reflect.NativeMethodAccessorImpl.invoke0(Native Method)
	at sun.reflect.NativeMethodAccessorImpl.invoke(Unknown Source)
	at sun.reflect.DelegatingMethodAccessorImpl.invoke(Unknown Source)
	at java.lang.reflect.Method.invoke(Unknown Source)
	at org.testng.internal.MethodInvocationHelper.invokeMethod(MethodInvocationHelper.java:108)
	at org.testng.internal.Invoker.invokeMethod(Invoker.java:661)
	at org.testng.internal.Invoker.invokeTestMethod(Invoker.java:869)
	at org.testng.internal.Invoker.invokeTestMethods(Invoker.java:1193)
	at org.testng.internal.TestMethodWorker.invokeTestMethods(TestMethodWorker.java:126)
	at org.testng.internal.TestMethodWorker.run(TestMethodWorker.java:109)
	at org.testng.TestRunner.privateRun(TestRunner.java:744)
	at org.testng.TestRunner.run(TestRunner.java:602)
	at org.testng.SuiteRunner.runTest(SuiteRunner.java:380)
	at org.testng.SuiteRunner.runSequentially(SuiteRunner.java:375)
	at org.testng.SuiteRunner.privateRun(SuiteRunner.java:340)
	at org.testng.SuiteRunner.run(SuiteRunner.java:289)
	at org.testng.SuiteRunnerWorker.runSuite(SuiteRunnerWorker.java:52)
	at org.testng.SuiteRunnerWorker.run(SuiteRunnerWorker.java:86)
	at org.testng.TestNG.runSuitesSequentially(TestNG.java:1301)
	at org.testng.TestNG.runSuitesLocally(TestNG.java:1226)
	at org.testng.TestNG.runSuites(TestNG.java:1144)
	at org.testng.TestNG.run(TestNG.java:1115)
	at org.testng.remote.AbstractRemoteTestNG.run(AbstractRemoteTestNG.java:114)
	at org.testng.remote.RemoteTestNG.initAndRun(RemoteTestNG.java:251)
	at org.testng.remote.RemoteTestNG.main(RemoteTestNG.java:77)
</pre></div></td>
<td>0</td>
<td>com.naveentestNG.TestNGFeatures@56ac3a89</td></tr>
<tr>
<td title='com.naveentestNG.GoogleTitleTest.testCase2()'><b>testCase2</b><br>Test class: com.naveentestNG.GoogleTitleTest</td>
<td><div><pre>java.lang.AssertionError: Title is not matched expected [Google123] but found [Google]
	at com.naveentestNG.GoogleTitleTest.testCase2(GoogleTitleTest.java:36)
... Removed 30 stack frames</pre></div><a href='#' onClick='toggleBox("stack-trace2104973502", this, "Click to show all stack frames", "Click to hide stack frames")'>Click to show all stack frames</a>
<div class='stack-trace' id='stack-trace2104973502'><pre>java.lang.AssertionError: Title is not matched expected [Google123] but found [Google]
	at org.testng.Assert.fail(Assert.java:93)
	at org.testng.Assert.failNotEquals(Assert.java:512)
	at org.testng.Assert.assertEqualsImpl(Assert.java:134)
	at org.testng.Assert.assertEquals(Assert.java:115)
	at org.testng.Assert.assertEquals(Assert.java:189)
	at com.naveentestNG.GoogleTitleTest.testCase2(GoogleTitleTest.java:36)
	at sun.reflect.NativeMethodAccessorImpl.invoke0(Native Method)
	at sun.reflect.NativeMethodAccessorImpl.invoke(Unknown Source)
	at sun.reflect.DelegatingMethodAccessorImpl.invoke(Unknown Source)
	at java.lang.reflect.Method.invoke(Unknown Source)
	at org.testng.internal.MethodInvocationHelper.invokeMethod(MethodInvocationHelper.java:108)
	at org.testng.internal.Invoker.invokeMethod(Invoker.java:661)
	at org.testng.internal.Invoker.invokeTestMethod(Invoker.java:869)
	at org.testng.internal.Invoker.invokeTestMethods(Invoker.java:1193)
	at org.testng.internal.TestMethodWorker.invokeTestMethods(TestMethodWorker.java:126)
	at org.testng.internal.TestMethodWorker.run(TestMethodWorker.java:109)
	at org.testng.TestRunner.privateRun(TestRunner.java:744)
	at org.testng.TestRunner.run(TestRunner.java:602)
	at org.testng.SuiteRunner.runTest(SuiteRunner.java:380)
	at org.testng.SuiteRunner.runSequentially(SuiteRunner.java:375)
	at org.testng.SuiteRunner.privateRun(SuiteRunner.java:340)
	at org.testng.SuiteRunner.run(SuiteRunner.java:289)
	at org.testng.SuiteRunnerWorker.runSuite(SuiteRunnerWorker.java:52)
	at org.testng.SuiteRunnerWorker.run(SuiteRunnerWorker.java:86)
	at org.testng.TestNG.runSuitesSequentially(TestNG.java:1301)
	at org.testng.TestNG.runSuitesLocally(TestNG.java:1226)
	at org.testng.TestNG.runSuites(TestNG.java:1144)
	at org.testng.TestNG.run(TestNG.java:1115)
	at org.testng.remote.AbstractRemoteTestNG.run(AbstractRemoteTestNG.java:114)
	at org.testng.remote.RemoteTestNG.initAndRun(RemoteTestNG.java:251)
	at org.testng.remote.RemoteTestNG.main(RemoteTestNG.java:77)
</pre></div></td>
<td>0</td>
<td>com.naveentestNG.GoogleTitleTest@490ab905</td></tr>
</table><p>
<table width='100%' border='1' class='invocation-passed'>
<tr><td colspan='4' align='center'><b>PASSED TESTS</b></td></tr>
<tr><td><b>Test method</b></td>
<td width="30%"><b>Exception</b></td>
<td width="10%"><b>Time (seconds)</b></td>
<td><b>Instance</b></td>
</tr>
<tr>
<td title='com.naveentestNG.GoogleTest.googleTitleTest()'><b>googleTitleTest</b><br>Test class: com.naveentestNG.GoogleTest</td>
<td></td>
<td>0</td>
<td>com.naveentestNG.GoogleTest@1e397ed7</td></tr>
<tr>
<td title='com.naveentestNG.TestNG.testCase1()'><b>testCase1</b><br>Test class: com.naveentestNG.TestNG</td>
<td></td>
<td>0</td>
<td>com.naveentestNG.TestNG@5f2108b5</td></tr>
<tr>
<td title='com.naveentestNG.InvocationCount.testCase1()'><b>testCase1</b><br>Test class: com.naveentestNG.InvocationCount</td>
<td></td>
<td>0</td>
<td>com.naveentestNG.InvocationCount@31a5c39e</td></tr>
<tr>
<td title='com.naveentestNG.InvocationCount.testCase1()'><b>testCase1</b><br>Test class: com.naveentestNG.InvocationCount</td>
<td></td>
<td>0</td>
<td>com.naveentestNG.InvocationCount@31a5c39e</td></tr>
<tr>
<td title='com.naveentestNG.InvocationCount.testCase1()'><b>testCase1</b><br>Test class: com.naveentestNG.InvocationCount</td>
<td></td>
<td>0</td>
<td>com.naveentestNG.InvocationCount@31a5c39e</td></tr>
<tr>
<td title='com.naveentestNG.InvocationCount.testCase1()'><b>testCase1</b><br>Test class: com.naveentestNG.InvocationCount</td>
<td></td>
<td>0</td>
<td>com.naveentestNG.InvocationCount@31a5c39e</td></tr>
<tr>
<td title='com.naveentestNG.InvocationCount.testCase1()'><b>testCase1</b><br>Test class: com.naveentestNG.InvocationCount</td>
<td></td>
<td>0</td>
<td>com.naveentestNG.InvocationCount@31a5c39e</td></tr>
<tr>
<td title='com.naveentestNG.InvocationCount.testCase1()'><b>testCase1</b><br>Test class: com.naveentestNG.InvocationCount</td>
<td></td>
<td>0</td>
<td>com.naveentestNG.InvocationCount@31a5c39e</td></tr>
<tr>
<td title='com.naveentestNG.InvocationCount.testCase1()'><b>testCase1</b><br>Test class: com.naveentestNG.InvocationCount</td>
<td></td>
<td>0</td>
<td>com.naveentestNG.InvocationCount@31a5c39e</td></tr>
<tr>
<td title='com.naveentestNG.InvocationCount.testCase1()'><b>testCase1</b><br>Test class: com.naveentestNG.InvocationCount</td>
<td></td>
<td>0</td>
<td>com.naveentestNG.InvocationCount@31a5c39e</td></tr>
<tr>
<td title='com.naveentestNG.InvocationCount.testCase1()'><b>testCase1</b><br>Test class: com.naveentestNG.InvocationCount</td>
<td></td>
<td>0</td>
<td>com.naveentestNG.InvocationCount@31a5c39e</td></tr>
<tr>
<td title='com.naveentestNG.InvocationCount.testCase1()'><b>testCase1</b><br>Test class: com.naveentestNG.InvocationCount</td>
<td></td>
<td>0</td>
<td>com.naveentestNG.InvocationCount@31a5c39e</td></tr>
<tr>
<td title='com.naveentestNG.InvocationCount.testCase1()'><b>testCase1</b><br>Test class: com.naveentestNG.InvocationCount</td>
<td></td>
<td>0</td>
<td>com.naveentestNG.InvocationCount@31a5c39e</td></tr>
<tr>
<td title='com.naveentestNG.InvocationCount.testCase1()'><b>testCase1</b><br>Test class: com.naveentestNG.InvocationCount</td>
<td></td>
<td>0</td>
<td>com.naveentestNG.InvocationCount@31a5c39e</td></tr>
<tr>
<td title='com.naveentestNG.InvocationCount.testCase1()'><b>testCase1</b><br>Test class: com.naveentestNG.InvocationCount</td>
<td></td>
<td>0</td>
<td>com.naveentestNG.InvocationCount@31a5c39e</td></tr>
<tr>
<td title='com.naveentestNG.InvocationCount.testCase1()'><b>testCase1</b><br>Test class: com.naveentestNG.InvocationCount</td>
<td></td>
<td>0</td>
<td>com.naveentestNG.InvocationCount@31a5c39e</td></tr>
<tr>
<td title='com.naveentestNG.InvocationCount.testCase1()'><b>testCase1</b><br>Test class: com.naveentestNG.InvocationCount</td>
<td></td>
<td>0</td>
<td>com.naveentestNG.InvocationCount@31a5c39e</td></tr>
<tr>
<td title='com.naveentestNG.InvocationCount.testCase1()'><b>testCase1</b><br>Test class: com.naveentestNG.InvocationCount</td>
<td></td>
<td>0</td>
<td>com.naveentestNG.InvocationCount@31a5c39e</td></tr>
<tr>
<td title='com.naveentestNG.InvocationCount.testCase1()'><b>testCase1</b><br>Test class: com.naveentestNG.InvocationCount</td>
<td></td>
<td>0</td>
<td>com.naveentestNG.InvocationCount@31a5c39e</td></tr>
<tr>
<td title='com.naveentestNG.InvocationCount.testCase1()'><b>testCase1</b><br>Test class: com.naveentestNG.InvocationCount</td>
<td></td>
<td>0</td>
<td>com.naveentestNG.InvocationCount@31a5c39e</td></tr>
<tr>
<td title='com.naveentestNG.InvocationCount.testCase1()'><b>testCase1</b><br>Test class: com.naveentestNG.InvocationCount</td>
<td></td>
<td>0</td>
<td>com.naveentestNG.InvocationCount@31a5c39e</td></tr>
<tr>
<td title='com.naveentestNG.InvocationCount.testCase1()'><b>testCase1</b><br>Test class: com.naveentestNG.InvocationCount</td>
<td></td>
<td>0</td>
<td>com.naveentestNG.InvocationCount@31a5c39e</td></tr>
<tr>
<td title='com.naveentestNG.InvocationCount.testCase1()'><b>testCase1</b><br>Test class: com.naveentestNG.InvocationCount</td>
<td></td>
<td>0</td>
<td>com.naveentestNG.InvocationCount@31a5c39e</td></tr>
<tr>
<td title='com.naveentestNG.InvocationCount.testCase1()'><b>testCase1</b><br>Test class: com.naveentestNG.InvocationCount</td>
<td></td>
<td>0</td>
<td>com.naveentestNG.InvocationCount@31a5c39e</td></tr>
<tr>
<td title='com.naveentestNG.InvocationCount.testCase1()'><b>testCase1</b><br>Test class: com.naveentestNG.InvocationCount</td>
<td></td>
<td>0</td>
<td>com.naveentestNG.InvocationCount@31a5c39e</td></tr>
<tr>
<td title='com.naveentestNG.InvocationCount.testCase1()'><b>testCase1</b><br>Test class: com.naveentestNG.InvocationCount</td>
<td></td>
<td>0</td>
<td>com.naveentestNG.InvocationCount@31a5c39e</td></tr>
<tr>
<td title='com.naveentestNG.InvocationCount.testCase1()'><b>testCase1</b><br>Test class: com.naveentestNG.InvocationCount</td>
<td></td>
<td>0</td>
<td>com.naveentestNG.InvocationCount@31a5c39e</td></tr>
<tr>
<td title='com.naveentestNG.InvocationCount.testCase1()'><b>testCase1</b><br>Test class: com.naveentestNG.InvocationCount</td>
<td></td>
<td>0</td>
<td>com.naveentestNG.InvocationCount@31a5c39e</td></tr>
<tr>
<td title='com.naveentestNG.InvocationCount.testCase1()'><b>testCase1</b><br>Test class: com.naveentestNG.InvocationCount</td>
<td></td>
<td>0</td>
<td>com.naveentestNG.InvocationCount@31a5c39e</td></tr>
<tr>
<td title='com.naveentestNG.InvocationCount.testCase1()'><b>testCase1</b><br>Test class: com.naveentestNG.InvocationCount</td>
<td></td>
<td>0</td>
<td>com.naveentestNG.InvocationCount@31a5c39e</td></tr>
<tr>
<td title='com.naveentestNG.InvocationCount.testCase1()'><b>testCase1</b><br>Test class: com.naveentestNG.InvocationCount</td>
<td></td>
<td>0</td>
<td>com.naveentestNG.InvocationCount@31a5c39e</td></tr>
<tr>
<td title='com.naveentestNG.InvocationCount.testCase1()'><b>testCase1</b><br>Test class: com.naveentestNG.InvocationCount</td>
<td></td>
<td>0</td>
<td>com.naveentestNG.InvocationCount@31a5c39e</td></tr>
<tr>
<td title='com.naveentestNG.InvocationCount.testCase1()'><b>testCase1</b><br>Test class: com.naveentestNG.InvocationCount</td>
<td></td>
<td>0</td>
<td>com.naveentestNG.InvocationCount@31a5c39e</td></tr>
<tr>
<td title='com.naveentestNG.InvocationCount.testCase1()'><b>testCase1</b><br>Test class: com.naveentestNG.InvocationCount</td>
<td></td>
<td>0</td>
<td>com.naveentestNG.InvocationCount@31a5c39e</td></tr>
<tr>
<td title='com.naveentestNG.InvocationCount.testCase1()'><b>testCase1</b><br>Test class: com.naveentestNG.InvocationCount</td>
<td></td>
<td>0</td>
<td>com.naveentestNG.InvocationCount@31a5c39e</td></tr>
<tr>
<td title='com.naveentestNG.InvocationCount.testCase1()'><b>testCase1</b><br>Test class: com.naveentestNG.InvocationCount</td>
<td></td>
<td>0</td>
<td>com.naveentestNG.InvocationCount@31a5c39e</td></tr>
<tr>
<td title='com.naveentestNG.InvocationCount.testCase1()'><b>testCase1</b><br>Test class: com.naveentestNG.InvocationCount</td>
<td></td>
<td>0</td>
<td>com.naveentestNG.InvocationCount@31a5c39e</td></tr>
<tr>
<td title='com.naveentestNG.InvocationCount.testCase1()'><b>testCase1</b><br>Test class: com.naveentestNG.InvocationCount</td>
<td></td>
<td>0</td>
<td>com.naveentestNG.InvocationCount@31a5c39e</td></tr>
<tr>
<td title='com.naveentestNG.InvocationCount.testCase1()'><b>testCase1</b><br>Test class: com.naveentestNG.InvocationCount</td>
<td></td>
<td>0</td>
<td>com.naveentestNG.InvocationCount@31a5c39e</td></tr>
<tr>
<td title='com.naveentestNG.InvocationCount.testCase1()'><b>testCase1</b><br>Test class: com.naveentestNG.InvocationCount</td>
<td></td>
<td>0</td>
<td>com.naveentestNG.InvocationCount@31a5c39e</td></tr>
<tr>
<td title='com.naveentestNG.InvocationCount.testCase1()'><b>testCase1</b><br>Test class: com.naveentestNG.InvocationCount</td>
<td></td>
<td>0</td>
<td>com.naveentestNG.InvocationCount@31a5c39e</td></tr>
<tr>
<td title='com.naveentestNG.InvocationCount.testCase1()'><b>testCase1</b><br>Test class: com.naveentestNG.InvocationCount</td>
<td></td>
<td>0</td>
<td>com.naveentestNG.InvocationCount@31a5c39e</td></tr>
<tr>
<td title='com.naveentestNG.InvocationCount.testCase1()'><b>testCase1</b><br>Test class: com.naveentestNG.InvocationCount</td>
<td></td>
<td>0</td>
<td>com.naveentestNG.InvocationCount@31a5c39e</td></tr>
<tr>
<td title='com.naveentestNG.InvocationCount.testCase1()'><b>testCase1</b><br>Test class: com.naveentestNG.InvocationCount</td>
<td></td>
<td>0</td>
<td>com.naveentestNG.InvocationCount@31a5c39e</td></tr>
<tr>
<td title='com.naveentestNG.InvocationCount.testCase1()'><b>testCase1</b><br>Test class: com.naveentestNG.InvocationCount</td>
<td></td>
<td>0</td>
<td>com.naveentestNG.InvocationCount@31a5c39e</td></tr>
<tr>
<td title='com.naveentestNG.InvocationCount.testCase1()'><b>testCase1</b><br>Test class: com.naveentestNG.InvocationCount</td>
<td></td>
<td>0</td>
<td>com.naveentestNG.InvocationCount@31a5c39e</td></tr>
<tr>
<td title='com.naveentestNG.InvocationCount.testCase1()'><b>testCase1</b><br>Test class: com.naveentestNG.InvocationCount</td>
<td></td>
<td>0</td>
<td>com.naveentestNG.InvocationCount@31a5c39e</td></tr>
<tr>
<td title='com.naveentestNG.InvocationCount.testCase1()'><b>testCase1</b><br>Test class: com.naveentestNG.InvocationCount</td>
<td></td>
<td>0</td>
<td>com.naveentestNG.InvocationCount@31a5c39e</td></tr>
<tr>
<td title='com.naveentestNG.InvocationCount.testCase1()'><b>testCase1</b><br>Test class: com.naveentestNG.InvocationCount</td>
<td></td>
<td>0</td>
<td>com.naveentestNG.InvocationCount@31a5c39e</td></tr>
<tr>
<td title='com.naveentestNG.InvocationCount.testCase1()'><b>testCase1</b><br>Test class: com.naveentestNG.InvocationCount</td>
<td></td>
<td>0</td>
<td>com.naveentestNG.InvocationCount@31a5c39e</td></tr>
<tr>
<td title='com.naveentestNG.InvocationCount.testCase1()'><b>testCase1</b><br>Test class: com.naveentestNG.InvocationCount</td>
<td></td>
<td>0</td>
<td>com.naveentestNG.InvocationCount@31a5c39e</td></tr>
<tr>
<td title='com.naveentestNG.InvocationCount.testCase1()'><b>testCase1</b><br>Test class: com.naveentestNG.InvocationCount</td>
<td></td>
<td>0</td>
<td>com.naveentestNG.InvocationCount@31a5c39e</td></tr>
<tr>
<td title='com.naveentestNG.InvocationCount.testCase1()'><b>testCase1</b><br>Test class: com.naveentestNG.InvocationCount</td>
<td></td>
<td>0</td>
<td>com.naveentestNG.InvocationCount@31a5c39e</td></tr>
<tr>
<td title='com.naveentestNG.InvocationCount.testCase1()'><b>testCase1</b><br>Test class: com.naveentestNG.InvocationCount</td>
<td></td>
<td>0</td>
<td>com.naveentestNG.InvocationCount@31a5c39e</td></tr>
<tr>
<td title='com.naveentestNG.InvocationCount.testCase1()'><b>testCase1</b><br>Test class: com.naveentestNG.InvocationCount</td>
<td></td>
<td>0</td>
<td>com.naveentestNG.InvocationCount@31a5c39e</td></tr>
<tr>
<td title='com.naveentestNG.InvocationCount.testCase1()'><b>testCase1</b><br>Test class: com.naveentestNG.InvocationCount</td>
<td></td>
<td>0</td>
<td>com.naveentestNG.InvocationCount@31a5c39e</td></tr>
<tr>
<td title='com.naveentestNG.InvocationCount.testCase1()'><b>testCase1</b><br>Test class: com.naveentestNG.InvocationCount</td>
<td></td>
<td>0</td>
<td>com.naveentestNG.InvocationCount@31a5c39e</td></tr>
<tr>
<td title='com.naveentestNG.InvocationCount.testCase1()'><b>testCase1</b><br>Test class: com.naveentestNG.InvocationCount</td>
<td></td>
<td>0</td>
<td>com.naveentestNG.InvocationCount@31a5c39e</td></tr>
<tr>
<td title='com.naveentestNG.InvocationCount.testCase1()'><b>testCase1</b><br>Test class: com.naveentestNG.InvocationCount</td>
<td></td>
<td>0</td>
<td>com.naveentestNG.InvocationCount@31a5c39e</td></tr>
<tr>
<td title='com.naveentestNG.InvocationCount.testCase1()'><b>testCase1</b><br>Test class: com.naveentestNG.InvocationCount</td>
<td></td>
<td>0</td>
<td>com.naveentestNG.InvocationCount@31a5c39e</td></tr>
<tr>
<td title='com.naveentestNG.InvocationCount.testCase1()'><b>testCase1</b><br>Test class: com.naveentestNG.InvocationCount</td>
<td></td>
<td>0</td>
<td>com.naveentestNG.InvocationCount@31a5c39e</td></tr>
<tr>
<td title='com.naveentestNG.InvocationCount.testCase1()'><b>testCase1</b><br>Test class: com.naveentestNG.InvocationCount</td>
<td></td>
<td>0</td>
<td>com.naveentestNG.InvocationCount@31a5c39e</td></tr>
<tr>
<td title='com.naveentestNG.InvocationCount.testCase1()'><b>testCase1</b><br>Test class: com.naveentestNG.InvocationCount</td>
<td></td>
<td>0</td>
<td>com.naveentestNG.InvocationCount@31a5c39e</td></tr>
<tr>
<td title='com.naveentestNG.InvocationCount.testCase1()'><b>testCase1</b><br>Test class: com.naveentestNG.InvocationCount</td>
<td></td>
<td>0</td>
<td>com.naveentestNG.InvocationCount@31a5c39e</td></tr>
<tr>
<td title='com.naveentestNG.InvocationCount.testCase1()'><b>testCase1</b><br>Test class: com.naveentestNG.InvocationCount</td>
<td></td>
<td>0</td>
<td>com.naveentestNG.InvocationCount@31a5c39e</td></tr>
<tr>
<td title='com.naveentestNG.InvocationCount.testCase1()'><b>testCase1</b><br>Test class: com.naveentestNG.InvocationCount</td>
<td></td>
<td>0</td>
<td>com.naveentestNG.InvocationCount@31a5c39e</td></tr>
<tr>
<td title='com.naveentestNG.InvocationCount.testCase1()'><b>testCase1</b><br>Test class: com.naveentestNG.InvocationCount</td>
<td></td>
<td>0</td>
<td>com.naveentestNG.InvocationCount@31a5c39e</td></tr>
<tr>
<td title='com.naveentestNG.InvocationCount.testCase1()'><b>testCase1</b><br>Test class: com.naveentestNG.InvocationCount</td>
<td></td>
<td>0</td>
<td>com.naveentestNG.InvocationCount@31a5c39e</td></tr>
<tr>
<td title='com.naveentestNG.InvocationCount.testCase1()'><b>testCase1</b><br>Test class: com.naveentestNG.InvocationCount</td>
<td></td>
<td>0</td>
<td>com.naveentestNG.InvocationCount@31a5c39e</td></tr>
<tr>
<td title='com.naveentestNG.InvocationCount.testCase1()'><b>testCase1</b><br>Test class: com.naveentestNG.InvocationCount</td>
<td></td>
<td>0</td>
<td>com.naveentestNG.InvocationCount@31a5c39e</td></tr>
<tr>
<td title='com.naveentestNG.InvocationCount.testCase1()'><b>testCase1</b><br>Test class: com.naveentestNG.InvocationCount</td>
<td></td>
<td>0</td>
<td>com.naveentestNG.InvocationCount@31a5c39e</td></tr>
<tr>
<td title='com.naveentestNG.InvocationCount.testCase1()'><b>testCase1</b><br>Test class: com.naveentestNG.InvocationCount</td>
<td></td>
<td>0</td>
<td>com.naveentestNG.InvocationCount@31a5c39e</td></tr>
<tr>
<td title='com.naveentestNG.InvocationCount.testCase1()'><b>testCase1</b><br>Test class: com.naveentestNG.InvocationCount</td>
<td></td>
<td>0</td>
<td>com.naveentestNG.InvocationCount@31a5c39e</td></tr>
<tr>
<td title='com.naveentestNG.InvocationCount.testCase1()'><b>testCase1</b><br>Test class: com.naveentestNG.InvocationCount</td>
<td></td>
<td>0</td>
<td>com.naveentestNG.InvocationCount@31a5c39e</td></tr>
<tr>
<td title='com.naveentestNG.InvocationCount.testCase1()'><b>testCase1</b><br>Test class: com.naveentestNG.InvocationCount</td>
<td></td>
<td>0</td>
<td>com.naveentestNG.InvocationCount@31a5c39e</td></tr>
<tr>
<td title='com.naveentestNG.InvocationCount.testCase1()'><b>testCase1</b><br>Test class: com.naveentestNG.InvocationCount</td>
<td></td>
<td>0</td>
<td>com.naveentestNG.InvocationCount@31a5c39e</td></tr>
<tr>
<td title='com.naveentestNG.InvocationCount.testCase1()'><b>testCase1</b><br>Test class: com.naveentestNG.InvocationCount</td>
<td></td>
<td>0</td>
<td>com.naveentestNG.InvocationCount@31a5c39e</td></tr>
<tr>
<td title='com.naveentestNG.InvocationCount.testCase1()'><b>testCase1</b><br>Test class: com.naveentestNG.InvocationCount</td>
<td></td>
<td>0</td>
<td>com.naveentestNG.InvocationCount@31a5c39e</td></tr>
<tr>
<td title='com.naveentestNG.InvocationCount.testCase1()'><b>testCase1</b><br>Test class: com.naveentestNG.InvocationCount</td>
<td></td>
<td>0</td>
<td>com.naveentestNG.InvocationCount@31a5c39e</td></tr>
<tr>
<td title='com.naveentestNG.InvocationCount.testCase1()'><b>testCase1</b><br>Test class: com.naveentestNG.InvocationCount</td>
<td></td>
<td>0</td>
<td>com.naveentestNG.InvocationCount@31a5c39e</td></tr>
<tr>
<td title='com.naveentestNG.InvocationCount.testCase1()'><b>testCase1</b><br>Test class: com.naveentestNG.InvocationCount</td>
<td></td>
<td>0</td>
<td>com.naveentestNG.InvocationCount@31a5c39e</td></tr>
<tr>
<td title='com.naveentestNG.InvocationCount.testCase1()'><b>testCase1</b><br>Test class: com.naveentestNG.InvocationCount</td>
<td></td>
<td>0</td>
<td>com.naveentestNG.InvocationCount@31a5c39e</td></tr>
<tr>
<td title='com.naveentestNG.InvocationCount.testCase1()'><b>testCase1</b><br>Test class: com.naveentestNG.InvocationCount</td>
<td></td>
<td>0</td>
<td>com.naveentestNG.InvocationCount@31a5c39e</td></tr>
<tr>
<td title='com.naveentestNG.InvocationCount.testCase1()'><b>testCase1</b><br>Test class: com.naveentestNG.InvocationCount</td>
<td></td>
<td>0</td>
<td>com.naveentestNG.InvocationCount@31a5c39e</td></tr>
<tr>
<td title='com.naveentestNG.InvocationCount.testCase1()'><b>testCase1</b><br>Test class: com.naveentestNG.InvocationCount</td>
<td></td>
<td>0</td>
<td>com.naveentestNG.InvocationCount@31a5c39e</td></tr>
<tr>
<td title='com.naveentestNG.InvocationCount.testCase1()'><b>testCase1</b><br>Test class: com.naveentestNG.InvocationCount</td>
<td></td>
<td>0</td>
<td>com.naveentestNG.InvocationCount@31a5c39e</td></tr>
<tr>
<td title='com.naveentestNG.InvocationCount.testCase1()'><b>testCase1</b><br>Test class: com.naveentestNG.InvocationCount</td>
<td></td>
<td>0</td>
<td>com.naveentestNG.InvocationCount@31a5c39e</td></tr>
<tr>
<td title='com.naveentestNG.InvocationCount.testCase1()'><b>testCase1</b><br>Test class: com.naveentestNG.InvocationCount</td>
<td></td>
<td>0</td>
<td>com.naveentestNG.InvocationCount@31a5c39e</td></tr>
<tr>
<td title='com.naveentestNG.InvocationCount.testCase1()'><b>testCase1</b><br>Test class: com.naveentestNG.InvocationCount</td>
<td></td>
<td>0</td>
<td>com.naveentestNG.InvocationCount@31a5c39e</td></tr>
<tr>
<td title='com.naveentestNG.InvocationCount.testCase1()'><b>testCase1</b><br>Test class: com.naveentestNG.InvocationCount</td>
<td></td>
<td>0</td>
<td>com.naveentestNG.InvocationCount@31a5c39e</td></tr>
<tr>
<td title='com.naveentestNG.InvocationCount.testCase1()'><b>testCase1</b><br>Test class: com.naveentestNG.InvocationCount</td>
<td></td>
<td>0</td>
<td>com.naveentestNG.InvocationCount@31a5c39e</td></tr>
<tr>
<td title='com.naveentestNG.InvocationCount.testCase1()'><b>testCase1</b><br>Test class: com.naveentestNG.InvocationCount</td>
<td></td>
<td>0</td>
<td>com.naveentestNG.InvocationCount@31a5c39e</td></tr>
<tr>
<td title='com.naveentestNG.InvocationCount.testCase1()'><b>testCase1</b><br>Test class: com.naveentestNG.InvocationCount</td>
<td></td>
<td>0</td>
<td>com.naveentestNG.InvocationCount@31a5c39e</td></tr>
<tr>
<td title='com.naveentestNG.InvocationCount.testCase1()'><b>testCase1</b><br>Test class: com.naveentestNG.InvocationCount</td>
<td></td>
<td>0</td>
<td>com.naveentestNG.InvocationCount@31a5c39e</td></tr>
<tr>
<td title='com.naveentestNG.InvocationCount.testCase1()'><b>testCase1</b><br>Test class: com.naveentestNG.InvocationCount</td>
<td></td>
<td>0</td>
<td>com.naveentestNG.InvocationCount@31a5c39e</td></tr>
<tr>
<td title='com.naveentestNG.InvocationCount.testCase1()'><b>testCase1</b><br>Test class: com.naveentestNG.InvocationCount</td>
<td></td>
<td>0</td>
<td>com.naveentestNG.InvocationCount@31a5c39e</td></tr>
<tr>
<td title='com.naveentestNG.InvocationCount.testCase1()'><b>testCase1</b><br>Test class: com.naveentestNG.InvocationCount</td>
<td></td>
<td>0</td>
<td>com.naveentestNG.InvocationCount@31a5c39e</td></tr>
<tr>
<td title='com.naveentestNG.InvocationCount.testCase1()'><b>testCase1</b><br>Test class: com.naveentestNG.InvocationCount</td>
<td></td>
<td>0</td>
<td>com.naveentestNG.InvocationCount@31a5c39e</td></tr>
<tr>
<td title='com.naveentestNG.InvocationCount.testCase1()'><b>testCase1</b><br>Test class: com.naveentestNG.InvocationCount</td>
<td></td>
<td>0</td>
<td>com.naveentestNG.InvocationCount@31a5c39e</td></tr>
<tr>
<td title='com.naveentestNG.InvocationCount.testCase1()'><b>testCase1</b><br>Test class: com.naveentestNG.InvocationCount</td>
<td></td>
<td>0</td>
<td>com.naveentestNG.InvocationCount@31a5c39e</td></tr>
<tr>
<td title='com.naveentestNG.InvocationCount.testCase1()'><b>testCase1</b><br>Test class: com.naveentestNG.InvocationCount</td>
<td></td>
<td>0</td>
<td>com.naveentestNG.InvocationCount@31a5c39e</td></tr>
<tr>
<td title='com.naveentestNG.InvocationCount.testCase1()'><b>testCase1</b><br>Test class: com.naveentestNG.InvocationCount</td>
<td></td>
<td>0</td>
<td>com.naveentestNG.InvocationCount@31a5c39e</td></tr>
<tr>
<td title='com.naveentestNG.GoogleTitleTest.testCase1()'><b>testCase1</b><br>Test class: com.naveentestNG.GoogleTitleTest</td>
<td></td>
<td>0</td>
<td>com.naveentestNG.GoogleTitleTest@490ab905</td></tr>
<tr>
<td title='com.naveentestNG.GoogleTest.testCase1()'><b>testCase1</b><br>Test class: com.naveentestNG.GoogleTest</td>
<td></td>
<td>0</td>
<td>com.naveentestNG.GoogleTest@1e397ed7</td></tr>
<tr>
<td title='com.naveentestNG.TestNG.testCase2()'><b>testCase2</b><br>Test class: com.naveentestNG.TestNG</td>
<td></td>
<td>0</td>
<td>com.naveentestNG.TestNG@5f2108b5</td></tr>
<tr>
<td title='com.naveentestNG.InfiniteLoop.testCase2()'><b>testCase2</b><br>Test class: com.naveentestNG.InfiniteLoop</td>
<td><div><pre>java.lang.ArithmeticException: / by zero
	at com.naveentestNG.InfiniteLoop.testCase2(InfiniteLoop.java:17)
... Removed 25 stack frames</pre></div><a href='#' onClick='toggleBox("stack-trace1728790703", this, "Click to show all stack frames", "Click to hide stack frames")'>Click to show all stack frames</a>
<div class='stack-trace' id='stack-trace1728790703'><pre>java.lang.ArithmeticException: / by zero
	at com.naveentestNG.InfiniteLoop.testCase2(InfiniteLoop.java:17)
	at sun.reflect.NativeMethodAccessorImpl.invoke0(Native Method)
	at sun.reflect.NativeMethodAccessorImpl.invoke(Unknown Source)
	at sun.reflect.DelegatingMethodAccessorImpl.invoke(Unknown Source)
	at java.lang.reflect.Method.invoke(Unknown Source)
	at org.testng.internal.MethodInvocationHelper.invokeMethod(MethodInvocationHelper.java:108)
	at org.testng.internal.Invoker.invokeMethod(Invoker.java:661)
	at org.testng.internal.Invoker.invokeTestMethod(Invoker.java:869)
	at org.testng.internal.Invoker.invokeTestMethods(Invoker.java:1193)
	at org.testng.internal.TestMethodWorker.invokeTestMethods(TestMethodWorker.java:126)
	at org.testng.internal.TestMethodWorker.run(TestMethodWorker.java:109)
	at org.testng.TestRunner.privateRun(TestRunner.java:744)
	at org.testng.TestRunner.run(TestRunner.java:602)
	at org.testng.SuiteRunner.runTest(SuiteRunner.java:380)
	at org.testng.SuiteRunner.runSequentially(SuiteRunner.java:375)
	at org.testng.SuiteRunner.privateRun(SuiteRunner.java:340)
	at org.testng.SuiteRunner.run(SuiteRunner.java:289)
	at org.testng.SuiteRunnerWorker.runSuite(SuiteRunnerWorker.java:52)
	at org.testng.SuiteRunnerWorker.run(SuiteRunnerWorker.java:86)
	at org.testng.TestNG.runSuitesSequentially(TestNG.java:1301)
	at org.testng.TestNG.runSuitesLocally(TestNG.java:1226)
	at org.testng.TestNG.runSuites(TestNG.java:1144)
	at org.testng.TestNG.run(TestNG.java:1115)
	at org.testng.remote.AbstractRemoteTestNG.run(AbstractRemoteTestNG.java:114)
	at org.testng.remote.RemoteTestNG.initAndRun(RemoteTestNG.java:251)
	at org.testng.remote.RemoteTestNG.main(RemoteTestNG.java:77)
</pre></div></td>
<td>0</td>
<td>com.naveentestNG.InfiniteLoop@3f49dace</td></tr>
<tr>
<td title='com.naveentestNG.TestNGFeatures.testCase2()'><b>testCase2</b><br>Test class: com.naveentestNG.TestNGFeatures</td>
<td></td>
<td>0</td>
<td>com.naveentestNG.TestNGFeatures@56ac3a89</td></tr>
<tr>
<td title='com.naveentestNG.GoogleTest.testCase2()'><b>testCase2</b><br>Test class: com.naveentestNG.GoogleTest</td>
<td></td>
<td>0</td>
<td>com.naveentestNG.GoogleTest@1e397ed7</td></tr>
<tr>
<td title='com.naveentestNG.TestNG.testCase3()'><b>testCase3</b><br>Test class: com.naveentestNG.TestNG</td>
<td></td>
<td>0</td>
<td>com.naveentestNG.TestNG@5f2108b5</td></tr>
<tr>
<td title='com.naveentestNG.GoogleTitleTest.testCase3()'><b>testCase3</b><br>Test class: com.naveentestNG.GoogleTitleTest</td>
<td></td>
<td>0</td>
<td>com.naveentestNG.GoogleTitleTest@490ab905</td></tr>
<tr>
<td title='com.naveentestNG.GoogleTest.testCase3()'><b>testCase3</b><br>Test class: com.naveentestNG.GoogleTest</td>
<td></td>
<td>0</td>
<td>com.naveentestNG.GoogleTest@1e397ed7</td></tr>
<tr>
<td title='com.naveentestNG.TestNGFeatures.testCase4()'><b>testCase4</b><br>Test class: com.naveentestNG.TestNGFeatures</td>
<td></td>
<td>0</td>
<td>com.naveentestNG.TestNGFeatures@56ac3a89</td></tr>
<tr>
<td title='com.naveentestNG.TestNGFeatures.testCase6()'><b>testCase6</b><br>Test class: com.naveentestNG.TestNGFeatures</td>
<td></td>
<td>0</td>
<td>com.naveentestNG.TestNGFeatures@56ac3a89</td></tr>
</table><p>
<table width='100%' border='1' class='invocation-skipped'>
<tr><td colspan='4' align='center'><b>SKIPPED TESTS</b></td></tr>
<tr><td><b>Test method</b></td>
<td width="30%"><b>Exception</b></td>
<td width="10%"><b>Time (seconds)</b></td>
<td><b>Instance</b></td>
</tr>
<tr>
<td title='com.naveentestNG.TestNGFeatures.testCase3()'><b>testCase3</b><br>Test class: com.naveentestNG.TestNGFeatures</td>
<td><div><pre>java.lang.Throwable: Method TestNGFeatures.testCase3()[pri:0, instance:com.naveentestNG.TestNGFeatures@56ac3a89] depends on not successfully finished methods
... Removed 18 stack frames</pre></div><a href='#' onClick='toggleBox("stack-trace1204296383", this, "Click to show all stack frames", "Click to hide stack frames")'>Click to show all stack frames</a>
<div class='stack-trace' id='stack-trace1204296383'><pre>java.lang.Throwable: Method TestNGFeatures.testCase3()[pri:0, instance:com.naveentestNG.TestNGFeatures@56ac3a89] depends on not successfully finished methods
	at org.testng.internal.Invoker.invokeTestMethods(Invoker.java:1084)
	at org.testng.internal.TestMethodWorker.invokeTestMethods(TestMethodWorker.java:126)
	at org.testng.internal.TestMethodWorker.run(TestMethodWorker.java:109)
	at org.testng.TestRunner.privateRun(TestRunner.java:744)
	at org.testng.TestRunner.run(TestRunner.java:602)
	at org.testng.SuiteRunner.runTest(SuiteRunner.java:380)
	at org.testng.SuiteRunner.runSequentially(SuiteRunner.java:375)
	at org.testng.SuiteRunner.privateRun(SuiteRunner.java:340)
	at org.testng.SuiteRunner.run(SuiteRunner.java:289)
	at org.testng.SuiteRunnerWorker.runSuite(SuiteRunnerWorker.java:52)
	at org.testng.SuiteRunnerWorker.run(SuiteRunnerWorker.java:86)
	at org.testng.TestNG.runSuitesSequentially(TestNG.java:1301)
	at org.testng.TestNG.runSuitesLocally(TestNG.java:1226)
	at org.testng.TestNG.runSuites(TestNG.java:1144)
	at org.testng.TestNG.run(TestNG.java:1115)
	at org.testng.remote.AbstractRemoteTestNG.run(AbstractRemoteTestNG.java:114)
	at org.testng.remote.RemoteTestNG.initAndRun(RemoteTestNG.java:251)
	at org.testng.remote.RemoteTestNG.main(RemoteTestNG.java:77)
</pre></div></td>
<td>0</td>
<td>null</td></tr>
<tr>
<td title='com.naveentestNG.TestNGFeatures.testCase5()'><b>testCase5</b><br>Test class: com.naveentestNG.TestNGFeatures</td>
<td><div><pre>java.lang.Throwable: Method TestNGFeatures.testCase5()[pri:0, instance:com.naveentestNG.TestNGFeatures@56ac3a89] depends on not successfully finished methods
... Removed 18 stack frames</pre></div><a href='#' onClick='toggleBox("stack-trace567294307", this, "Click to show all stack frames", "Click to hide stack frames")'>Click to show all stack frames</a>
<div class='stack-trace' id='stack-trace567294307'><pre>java.lang.Throwable: Method TestNGFeatures.testCase5()[pri:0, instance:com.naveentestNG.TestNGFeatures@56ac3a89] depends on not successfully finished methods
	at org.testng.internal.Invoker.invokeTestMethods(Invoker.java:1084)
	at org.testng.internal.TestMethodWorker.invokeTestMethods(TestMethodWorker.java:126)
	at org.testng.internal.TestMethodWorker.run(TestMethodWorker.java:109)
	at org.testng.TestRunner.privateRun(TestRunner.java:744)
	at org.testng.TestRunner.run(TestRunner.java:602)
	at org.testng.SuiteRunner.runTest(SuiteRunner.java:380)
	at org.testng.SuiteRunner.runSequentially(SuiteRunner.java:375)
	at org.testng.SuiteRunner.privateRun(SuiteRunner.java:340)
	at org.testng.SuiteRunner.run(SuiteRunner.java:289)
	at org.testng.SuiteRunnerWorker.runSuite(SuiteRunnerWorker.java:52)
	at org.testng.SuiteRunnerWorker.run(SuiteRunnerWorker.java:86)
	at org.testng.TestNG.runSuitesSequentially(TestNG.java:1301)
	at org.testng.TestNG.runSuitesLocally(TestNG.java:1226)
	at org.testng.TestNG.runSuites(TestNG.java:1144)
	at org.testng.TestNG.run(TestNG.java:1115)
	at org.testng.remote.AbstractRemoteTestNG.run(AbstractRemoteTestNG.java:114)
	at org.testng.remote.RemoteTestNG.initAndRun(RemoteTestNG.java:251)
	at org.testng.remote.RemoteTestNG.main(RemoteTestNG.java:77)
</pre></div></td>
<td>0</td>
<td>null</td></tr>
<tr>
<td title='com.naveentestNG.TestNGFeatures.testCase7()'><b>testCase7</b><br>Test class: com.naveentestNG.TestNGFeatures</td>
<td><div><pre>java.lang.Throwable: Method TestNGFeatures.testCase7()[pri:0, instance:com.naveentestNG.TestNGFeatures@56ac3a89] depends on not successfully finished methods
... Removed 18 stack frames</pre></div><a href='#' onClick='toggleBox("stack-trace418179060", this, "Click to show all stack frames", "Click to hide stack frames")'>Click to show all stack frames</a>
<div class='stack-trace' id='stack-trace418179060'><pre>java.lang.Throwable: Method TestNGFeatures.testCase7()[pri:0, instance:com.naveentestNG.TestNGFeatures@56ac3a89] depends on not successfully finished methods
	at org.testng.internal.Invoker.invokeTestMethods(Invoker.java:1084)
	at org.testng.internal.TestMethodWorker.invokeTestMethods(TestMethodWorker.java:126)
	at org.testng.internal.TestMethodWorker.run(TestMethodWorker.java:109)
	at org.testng.TestRunner.privateRun(TestRunner.java:744)
	at org.testng.TestRunner.run(TestRunner.java:602)
	at org.testng.SuiteRunner.runTest(SuiteRunner.java:380)
	at org.testng.SuiteRunner.runSequentially(SuiteRunner.java:375)
	at org.testng.SuiteRunner.privateRun(SuiteRunner.java:340)
	at org.testng.SuiteRunner.run(SuiteRunner.java:289)
	at org.testng.SuiteRunnerWorker.runSuite(SuiteRunnerWorker.java:52)
	at org.testng.SuiteRunnerWorker.run(SuiteRunnerWorker.java:86)
	at org.testng.TestNG.runSuitesSequentially(TestNG.java:1301)
	at org.testng.TestNG.runSuitesLocally(TestNG.java:1226)
	at org.testng.TestNG.runSuites(TestNG.java:1144)
	at org.testng.TestNG.run(TestNG.java:1115)
	at org.testng.remote.AbstractRemoteTestNG.run(AbstractRemoteTestNG.java:114)
	at org.testng.remote.RemoteTestNG.initAndRun(RemoteTestNG.java:251)
	at org.testng.remote.RemoteTestNG.main(RemoteTestNG.java:77)
</pre></div></td>
<td>0</td>
<td>null</td></tr>
</table><p>
</body>
</html>