<?xml version="1.0" encoding="UTF-8"?>
<!-- Generated by org.testng.reporters.JUnitXMLReporter -->
<testsuite hostname="DESKTOP-16VI708" ignored="0" name="Annotations of testNG" tests="119" failures="3" timestamp="13 Nov 2017 22:28:46 GMT" time="76.639" errors="0">
  <testcase name="testCase1" time="0.015" classname="com.naveentestNG.TestNG"/>
  <testcase name="testCase2" time="0.002" classname="com.naveentestNG.TestNG"/>
  <testcase name="testCase3" time="0.002" classname="com.naveentestNG.TestNG"/>
  <testcase name="testCase1" time="0.002" classname="com.naveentestNG.InvocationCount"/>
  <testcase name="testCase1" time="0.005" classname="com.naveentestNG.InvocationCount"/>
  <testcase name="testCase1" time="0.003" classname="com.naveentestNG.InvocationCount"/>
  <testcase name="testCase1" time="0.003" classname="com.naveentestNG.InvocationCount"/>
  <testcase name="testCase1" time="0.002" classname="com.naveentestNG.InvocationCount"/>
  <testcase name="testCase1" time="0.004" classname="com.naveentestNG.InvocationCount"/>
  <testcase name="testCase1" time="0.003" classname="com.naveentestNG.InvocationCount"/>
  <testcase name="testCase1" time="0.003" classname="com.naveentestNG.InvocationCount"/>
  <testcase name="testCase1" time="0.004" classname="com.naveentestNG.InvocationCount"/>
  <testcase name="testCase1" time="0.005" classname="com.naveentestNG.InvocationCount"/>
  <testcase name="testCase1" time="0.003" classname="com.naveentestNG.InvocationCount"/>
  <testcase name="testCase1" time="0.003" classname="com.naveentestNG.InvocationCount"/>
  <testcase name="testCase1" time="0.004" classname="com.naveentestNG.InvocationCount"/>
  <testcase name="testCase1" time="0.004" classname="com.naveentestNG.InvocationCount"/>
  <testcase name="testCase1" time="0.002" classname="com.naveentestNG.InvocationCount"/>
  <testcase name="testCase1" time="0.002" classname="com.naveentestNG.InvocationCount"/>
  <testcase name="testCase1" time="0.002" classname="com.naveentestNG.InvocationCount"/>
  <testcase name="testCase1" time="0.001" classname="com.naveentestNG.InvocationCount"/>
  <testcase name="testCase1" time="0.003" classname="com.naveentestNG.InvocationCount"/>
  <testcase name="testCase1" time="0.001" classname="com.naveentestNG.InvocationCount"/>
  <testcase name="testCase1" time="0.004" classname="com.naveentestNG.InvocationCount"/>
  <testcase name="testCase1" time="0.007" classname="com.naveentestNG.InvocationCount"/>
  <testcase name="testCase1" time="0.003" classname="com.naveentestNG.InvocationCount"/>
  <testcase name="testCase1" time="0.004" classname="com.naveentestNG.InvocationCount"/>
  <testcase name="testCase1" time="0.004" classname="com.naveentestNG.InvocationCount"/>
  <testcase name="testCase1" time="0.005" classname="com.naveentestNG.InvocationCount"/>
  <testcase name="testCase1" time="0.004" classname="com.naveentestNG.InvocationCount"/>
  <testcase name="testCase1" time="0.004" classname="com.naveentestNG.InvocationCount"/>
  <testcase name="testCase1" time="0.009" classname="com.naveentestNG.InvocationCount"/>
  <testcase name="testCase1" time="0.009" classname="com.naveentestNG.InvocationCount"/>
  <testcase name="testCase1" time="0.008" classname="com.naveentestNG.InvocationCount"/>
  <testcase name="testCase1" time="0.004" classname="com.naveentestNG.InvocationCount"/>
  <testcase name="testCase1" time="0.003" classname="com.naveentestNG.InvocationCount"/>
  <testcase name="testCase1" time="0.005" classname="com.naveentestNG.InvocationCount"/>
  <testcase name="testCase1" time="0.005" classname="com.naveentestNG.InvocationCount"/>
  <testcase name="testCase1" time="0.002" classname="com.naveentestNG.InvocationCount"/>
  <testcase name="testCase1" time="0.011" classname="com.naveentestNG.InvocationCount"/>
  <testcase name="testCase1" time="0.006" classname="com.naveentestNG.InvocationCount"/>
  <testcase name="testCase1" time="0.003" classname="com.naveentestNG.InvocationCount"/>
  <testcase name="testCase1" time="0.003" classname="com.naveentestNG.InvocationCount"/>
  <testcase name="testCase1" time="0.004" classname="com.naveentestNG.InvocationCount"/>
  <testcase name="testCase1" time="0.001" classname="com.naveentestNG.InvocationCount"/>
  <testcase name="testCase1" time="0.003" classname="com.naveentestNG.InvocationCount"/>
  <testcase name="testCase1" time="0.001" classname="com.naveentestNG.InvocationCount"/>
  <testcase name="testCase1" time="0.001" classname="com.naveentestNG.InvocationCount"/>
  <testcase name="testCase1" time="0.002" classname="com.naveentestNG.InvocationCount"/>
  <testcase name="testCase1" time="0.007" classname="com.naveentestNG.InvocationCount"/>
  <testcase name="testCase1" time="0.001" classname="com.naveentestNG.InvocationCount"/>
  <testcase name="testCase1" time="0.002" classname="com.naveentestNG.InvocationCount"/>
  <testcase name="testCase1" time="0.001" classname="com.naveentestNG.InvocationCount"/>
  <testcase name="testCase1" time="0.001" classname="com.naveentestNG.InvocationCount"/>
  <testcase name="testCase1" time="0.003" classname="com.naveentestNG.InvocationCount"/>
  <testcase name="testCase1" time="0.005" classname="com.naveentestNG.InvocationCount"/>
  <testcase name="testCase1" time="0.003" classname="com.naveentestNG.InvocationCount"/>
  <testcase name="testCase1" time="0.005" classname="com.naveentestNG.InvocationCount"/>
  <testcase name="testCase1" time="0.002" classname="com.naveentestNG.InvocationCount"/>
  <testcase name="testCase1" time="0.001" classname="com.naveentestNG.InvocationCount"/>
  <testcase name="testCase1" time="0.001" classname="com.naveentestNG.InvocationCount"/>
  <testcase name="testCase1" time="0.005" classname="com.naveentestNG.InvocationCount"/>
  <testcase name="testCase1" time="0.002" classname="com.naveentestNG.InvocationCount"/>
  <testcase name="testCase1" time="0.002" classname="com.naveentestNG.InvocationCount"/>
  <testcase name="testCase1" time="0.004" classname="com.naveentestNG.InvocationCount"/>
  <testcase name="testCase1" time="0.001" classname="com.naveentestNG.InvocationCount"/>
  <testcase name="testCase1" time="0.002" classname="com.naveentestNG.InvocationCount"/>
  <testcase name="testCase1" time="0.001" classname="com.naveentestNG.InvocationCount"/>
  <testcase name="testCase1" time="0.002" classname="com.naveentestNG.InvocationCount"/>
  <testcase name="testCase1" time="0.003" classname="com.naveentestNG.InvocationCount"/>
  <testcase name="testCase1" time="0.002" classname="com.naveentestNG.InvocationCount"/>
  <testcase name="testCase1" time="0.002" classname="com.naveentestNG.InvocationCount"/>
  <testcase name="testCase1" time="0.002" classname="com.naveentestNG.InvocationCount"/>
  <testcase name="testCase1" time="0.001" classname="com.naveentestNG.InvocationCount"/>
  <testcase name="testCase1" time="0.001" classname="com.naveentestNG.InvocationCount"/>
  <testcase name="testCase1" time="0.006" classname="com.naveentestNG.InvocationCount"/>
  <testcase name="testCase1" time="0.009" classname="com.naveentestNG.InvocationCount"/>
  <testcase name="testCase1" time="0.001" classname="com.naveentestNG.InvocationCount"/>
  <testcase name="testCase1" time="0.002" classname="com.naveentestNG.InvocationCount"/>
  <testcase name="testCase1" time="0.002" classname="com.naveentestNG.InvocationCount"/>
  <testcase name="testCase1" time="0.003" classname="com.naveentestNG.InvocationCount"/>
  <testcase name="testCase1" time="0.011" classname="com.naveentestNG.InvocationCount"/>
  <testcase name="testCase1" time="0.005" classname="com.naveentestNG.InvocationCount"/>
  <testcase name="testCase1" time="0.003" classname="com.naveentestNG.InvocationCount"/>
  <testcase name="testCase1" time="0.002" classname="com.naveentestNG.InvocationCount"/>
  <testcase name="testCase1" time="0.004" classname="com.naveentestNG.InvocationCount"/>
  <testcase name="testCase1" time="0.005" classname="com.naveentestNG.InvocationCount"/>
  <testcase name="testCase1" time="0.003" classname="com.naveentestNG.InvocationCount"/>
  <testcase name="testCase1" time="0.001" classname="com.naveentestNG.InvocationCount"/>
  <testcase name="testCase1" time="0.004" classname="com.naveentestNG.InvocationCount"/>
  <testcase name="testCase1" time="0.001" classname="com.naveentestNG.InvocationCount"/>
  <testcase name="testCase1" time="0.001" classname="com.naveentestNG.InvocationCount"/>
  <testcase name="testCase1" time="0.001" classname="com.naveentestNG.InvocationCount"/>
  <testcase name="testCase1" time="0.001" classname="com.naveentestNG.InvocationCount"/>
  <testcase name="testCase1" time="0.006" classname="com.naveentestNG.InvocationCount"/>
  <testcase name="testCase1" time="0.001" classname="com.naveentestNG.InvocationCount"/>
  <testcase name="testCase1" time="0.002" classname="com.naveentestNG.InvocationCount"/>
  <testcase name="testCase1" time="0.002" classname="com.naveentestNG.InvocationCount"/>
  <testcase name="testCase1" time="0.002" classname="com.naveentestNG.InvocationCount"/>
  <testcase name="testCase1" time="0.001" classname="com.naveentestNG.InvocationCount"/>
  <testcase name="testCase1" time="0.003" classname="com.naveentestNG.InvocationCount"/>
  <testcase name="testCase1" time="0.012" classname="com.naveentestNG.InvocationCount"/>
  <testcase name="testCase1" time="0.002" classname="com.naveentestNG.InvocationCount"/>
  <testcase name="testCase2" time="0.001" classname="com.naveentestNG.InfiniteLoop"/>
  <testcase name="testCase1" time="0.014" classname="com.naveentestNG.GoogleTitleTest"/>
  <testcase name="testCase2" time="0.013" classname="com.naveentestNG.GoogleTitleTest">
    <failure type="java.lang.AssertionError" message="Title is not matched expected [Google123] but found [Google]">
      <![CDATA[java.lang.AssertionError: Title is not matched expected [Google123] but found [Google]
	at com.naveentestNG.GoogleTitleTest.testCase2(GoogleTitleTest.java:36)
... Removed 30 stack frames]]>
    </failure>
  </testcase> <!-- testCase2 -->
  <testcase name="testCase3" time="0.08" classname="com.naveentestNG.GoogleTitleTest"/>
  <testcase name="testCase1" time="0.0" classname="com.naveentestNG.TestNGFeatures">
    <failure type="java.lang.ArithmeticException" message="/ by zero">
      <![CDATA[java.lang.ArithmeticException: / by zero
	at com.naveentestNG.TestNGFeatures.testCase1(TestNGFeatures.java:9)
... Removed 25 stack frames]]>
    </failure>
  </testcase> <!-- testCase1 -->
  <testcase name="testCase2" time="0.001" classname="com.naveentestNG.TestNGFeatures"/>
  <testcase name="testCase4" time="0.0" classname="com.naveentestNG.TestNGFeatures"/>
  <testcase name="testCase6" time="0.001" classname="com.naveentestNG.TestNGFeatures"/>
  <testcase name="testCase3" time="0.0" classname="com.naveentestNG.TestNGFeatures">
    <skipped/>
  </testcase> <!-- testCase3 -->
  <testcase name="testCase5" time="0.001" classname="com.naveentestNG.TestNGFeatures">
    <skipped/>
  </testcase> <!-- testCase5 -->
  <testcase name="testCase7" time="0.0" classname="com.naveentestNG.TestNGFeatures">
    <skipped/>
  </testcase> <!-- testCase7 -->
  <testcase name="googleTitleTest" time="0.02" classname="com.naveentestNG.GoogleTest"/>
  <testcase name="googleLogoTest" time="20.099" classname="com.naveentestNG.GoogleTest">
    <failure type="org.openqa.selenium.NoSuchElementException" message="no such element: Unable to locate element: {&amp;quot;method&amp;quot;:&amp;quot;xpath&amp;quot;,&amp;quot;selector&amp;quot;:&amp;quot;//img[@id=&amp;apos;hplogo&amp;apos;]&amp;quot;}
  (Session info: chrome=62.0.3202.94)
  (Driver info: chromedriver=2.33.506120 (e3e53437346286c0bc2d2dc9aa4915ba81d9023f),platform=Windows NT 10.0.16299 x86_64) (WARNING: The server did not provide any stacktrace information)
Command duration or timeout: 0 milliseconds
For documentation on this error, please visit: http://seleniumhq.org/exceptions/no_such_element.html
Build info: version: &amp;apos;3.6.0&amp;apos;, revision: &amp;apos;6fbf3ec767&amp;apos;, time: &amp;apos;2017-09-27T15:28:36.4Z&amp;apos;
System info: host: &amp;apos;DESKTOP-16VI708&amp;apos;, ip: &amp;apos;192.168.0.102&amp;apos;, os.name: &amp;apos;Windows 10&amp;apos;, os.arch: &amp;apos;amd64&amp;apos;, os.version: &amp;apos;10.0&amp;apos;, java.version: &amp;apos;1.8.0_151&amp;apos;
Driver info: org.openqa.selenium.chrome.ChromeDriver
Capabilities [{mobileEmulationEnabled=false, hasTouchScreen=false, platform=XP, acceptSslCerts=true, webStorageEnabled=true, browserName=chrome, takesScreenshot=true, javascriptEnabled=true, platformName=XP, setWindowRect=true, unexpectedAlertBehaviour=, applicationCacheEnabled=false, rotatable=false, networkConnectionEnabled=false, chrome={chromedriverVersion=2.33.506120 (e3e53437346286c0bc2d2dc9aa4915ba81d9023f), userDataDir=C:\Users\Kitty\AppData\Local\Temp\scoped_dir9016_17589}, takesHeapSnapshot=true, pageLoadStrategy=normal, unhandledPromptBehavior=, databaseEnabled=false, handlesAlerts=true, version=62.0.3202.94, browserConnectionEnabled=false, nativeEvents=true, locationContextEnabled=true, cssSelectorsEnabled=true}]
Session ID: 9dd81de1708454e41b797e89456703f6
*** Element info: {Using=xpath, value=//img[@id=&amp;apos;hplogo&amp;apos;]}">
      <![CDATA[org.openqa.selenium.NoSuchElementException: no such element: Unable to locate element: {"method":"xpath","selector":"//img[@id='hplogo']"}
  (Session info: chrome=62.0.3202.94)
  (Driver info: chromedriver=2.33.506120 (e3e53437346286c0bc2d2dc9aa4915ba81d9023f),platform=Windows NT 10.0.16299 x86_64) (WARNING: The server did not provide any stacktrace information)
Command duration or timeout: 0 milliseconds
For documentation on this error, please visit: http://seleniumhq.org/exceptions/no_such_element.html
Build info: version: '3.6.0', revision: '6fbf3ec767', time: '2017-09-27T15:28:36.4Z'
System info: host: 'DESKTOP-16VI708', ip: '192.168.0.102', os.name: 'Windows 10', os.arch: 'amd64', os.version: '10.0', java.version: '1.8.0_151'
Driver info: org.openqa.selenium.chrome.ChromeDriver
Capabilities [{mobileEmulationEnabled=false, hasTouchScreen=false, platform=XP, acceptSslCerts=true, webStorageEnabled=true, browserName=chrome, takesScreenshot=true, javascriptEnabled=true, platformName=XP, setWindowRect=true, unexpectedAlertBehaviour=, applicationCacheEnabled=false, rotatable=false, networkConnectionEnabled=false, chrome={chromedriverVersion=2.33.506120 (e3e53437346286c0bc2d2dc9aa4915ba81d9023f), userDataDir=C:\Users\Kitty\AppData\Local\Temp\scoped_dir9016_17589}, takesHeapSnapshot=true, pageLoadStrategy=normal, unhandledPromptBehavior=, databaseEnabled=false, handlesAlerts=true, version=62.0.3202.94, browserConnectionEnabled=false, nativeEvents=true, locationContextEnabled=true, cssSelectorsEnabled=true}]
Session ID: 9dd81de1708454e41b797e89456703f6
*** Element info: {Using=xpath, value=//img[@id='hplogo']}
	at org.openqa.selenium.remote.ErrorHandler.createThrowable(ErrorHandler.java:214)
	at org.openqa.selenium.remote.ErrorHandler.throwIfResponseFailed(ErrorHandler.java:166)
	at org.openqa.selenium.remote.http.JsonHttpResponseCodec.reconstructValue(JsonHttpResponseCodec.java:40)
	at org.openqa.selenium.remote.http.AbstractHttpResponseCodec.decode(AbstractHttpResponseCodec.java:82)
	at org.openqa.selenium.remote.http.AbstractHttpResponseCodec.decode(AbstractHttpResponseCodec.java:45)
	at org.openqa.selenium.remote.HttpCommandExecutor.execute(HttpCommandExecutor.java:164)
	at org.openqa.selenium.remote.service.DriverCommandExecutor.execute(DriverCommandExecutor.java:83)
	at org.openqa.selenium.remote.RemoteWebDriver.execute(RemoteWebDriver.java:586)
	at org.openqa.selenium.remote.RemoteWebDriver.findElement(RemoteWebDriver.java:356)
	at org.openqa.selenium.remote.RemoteWebDriver.findElementByXPath(RemoteWebDriver.java:458)
	at org.openqa.selenium.By$ByXPath.findElement(By.java:361)
	at org.openqa.selenium.remote.RemoteWebDriver.findElement(RemoteWebDriver.java:348)
	at com.naveentestNG.GoogleTest.googleLogoTest(GoogleTest.java:35)
... Removed 29 stack frames]]>
    </failure>
  </testcase> <!-- googleLogoTest -->
  <testcase name="testCase2" time="0.001" classname="com.naveentestNG.GoogleTest"/>
  <testcase name="testCase3" time="0.0" classname="com.naveentestNG.GoogleTest"/>
  <testcase name="testCase1" time="0.001" classname="com.naveentestNG.GoogleTest"/>
</testsuite> <!-- Annotations of testNG -->
