<!DOCTYPE html PUBLIC "-//W3C//DTD XHTML 1.1//EN" "http://www.w3.org/TR/xhtml11/DTD/xhtml11.dtd">
<html xmlns="http://www.w3.org/1999/xhtml"><head><title>TestNG Report</title><style type="text/css">table {margin-bottom:10px;border-collapse:collapse;empty-cells:show}th,td {border:1px solid #009;padding:.25em .5em}th {vertical-align:bottom}td {vertical-align:top}table a {font-weight:bold}.stripe td {background-color: #E6EBF9}.num {text-align:right}.passedodd td {background-color: #3F3}.passedeven td {background-color: #0A0}.skippedodd td {background-color: #DDD}.skippedeven td {background-color: #CCC}.failedodd td,.attn {background-color: #F33}.failedeven td,.stripe .attn {background-color: #D00}.stacktrace {white-space:pre;font-family:monospace}.totop {font-size:85%;text-align:center;border-bottom:2px solid #000}</style></head><body><table><tr><th>Test</th><th># Passed</th><th># Skipped</th><th># Failed</th><th>Time (ms)</th><th>Included Groups</th><th>Excluded Groups</th></tr><tr><th colspan="7">Command line suite</th></tr><tr><td><a href="#t0">Command line test</a></td><td class="num">23</td><td class="num attn">3</td><td class="num attn">5</td><td class="num">186,852</td><td></td><td></td></tr></table><table><thead><tr><th>Class</th><th>Method</th><th>Start</th><th>Time (ms)</th></tr></thead><tbody><tr><th colspan="4">Command line suite</th></tr></tbody><tbody id="t0"><tr><th colspan="4">Command line test &#8212; failed</th></tr><tr class="failedeven"><td rowspan="1">com.interviewQuestionsWebDriver.TestngException</td><td><a href="#m0">dividedByZeroExample2</a></td><td rowspan="1">1514217158676</td><td rowspan="1">0</td></tr><tr class="failedodd"><td rowspan="1">com.naveentestNG.GoogleTest</td><td><a href="#m1">googleLogoTest</a></td><td rowspan="1">1514217230296</td><td rowspan="1">20062</td></tr><tr class="failedeven"><td rowspan="2">com.naveentestNG.GoogleTitleTest</td><td><a href="#m2">testCase2</a></td><td rowspan="1">1514217186135</td><td rowspan="1">19</td></tr><tr class="failedeven"><td><a href="#m3">testCase3</a></td><td rowspan="1">1514217193820</td><td rowspan="1">20160</td></tr><tr class="failedodd"><td rowspan="1">com.naveentestNG.TestNGFeatures</td><td><a href="#m4">testCase1</a></td><td rowspan="1">1514217171060</td><td rowspan="1">0</td></tr><tr><th colspan="4">Command line test &#8212; skipped</th></tr><tr class="skippedeven"><td rowspan="3">com.naveentestNG.TestNGFeatures</td><td><a href="#m5">testCase3</a></td><td rowspan="1">1514217214740</td><td rowspan="1">0</td></tr><tr class="skippedeven"><td><a href="#m6">testCase5</a></td><td rowspan="1">1514217214741</td><td rowspan="1">0</td></tr><tr class="skippedeven"><td><a href="#m7">testCase7</a></td><td rowspan="1">1514217214742</td><td rowspan="1">0</td></tr><tr><th colspan="4">Command line test &#8212; passed</th></tr><tr class="passedeven"><td rowspan="4">com.datadriven.test.HalfEbayTest</td><td><a href="#m8">halfEbayTest</a></td><td rowspan="4">1514217154233</td><td rowspan="4">3719</td></tr><tr class="passedeven"><td><a href="#m9">halfEbayTest</a></td></tr><tr class="passedeven"><td><a href="#m10">halfEbayTest</a></td></tr><tr class="passedeven"><td><a href="#m11">halfEbayTest</a></td></tr><tr class="passedodd"><td rowspan="2">com.interviewQuestionsWebDriver.TestngAnnotation</td><td><a href="#m12">testCase1</a></td><td rowspan="1">1514217158663</td><td rowspan="1">0</td></tr><tr class="passedodd"><td><a href="#m13">testCase2</a></td><td rowspan="1">1514217158673</td><td rowspan="1">0</td></tr><tr class="passedeven"><td rowspan="1">com.interviewQuestionsWebDriver.TestngException</td><td><a href="#m14">dividedByZeroExample1</a></td><td rowspan="1">1514217158675</td><td rowspan="1">1</td></tr><tr class="passedodd"><td rowspan="1">com.naveenWebDriver.GoogleSearchTest</td><td><a href="#m15">testCase1</a></td><td rowspan="1">1514217158680</td><td rowspan="1">12379</td></tr><tr class="passedeven"><td rowspan="4">com.naveentestNG.ExcludeTest</td><td><a href="#m16">testCase1</a></td><td rowspan="1">1514217214742</td><td rowspan="1">1</td></tr><tr class="passedeven"><td><a href="#m17">testCase2</a></td><td rowspan="1">1514217222788</td><td rowspan="1">0</td></tr><tr class="passedeven"><td><a href="#m18">testCase3</a></td><td rowspan="1">1514217251129</td><td rowspan="1">0</td></tr><tr class="passedeven"><td><a href="#m19">testCase4</a></td><td rowspan="1">1514217258902</td><td rowspan="1">1</td></tr><tr class="passedodd"><td rowspan="4">com.naveentestNG.GoogleTest</td><td><a href="#m20">googleTitleTest</a></td><td rowspan="1">1514217222111</td><td rowspan="1">16</td></tr><tr class="passedodd"><td><a href="#m21">testCase1</a></td><td rowspan="1">1514217273918</td><td rowspan="1">0</td></tr><tr class="passedodd"><td><a href="#m22">testCase2</a></td><td rowspan="1">1514217258227</td><td rowspan="1">1</td></tr><tr class="passedodd"><td><a href="#m23">testCase3</a></td><td rowspan="1">1514217265799</td><td rowspan="1">1</td></tr><tr class="passedeven"><td rowspan="1">com.naveentestNG.GoogleTitleTest</td><td><a href="#m24">testCase1</a></td><td rowspan="1">1514217178588</td><td rowspan="1">17</td></tr><tr class="passedodd"><td rowspan="3">com.naveentestNG.TestNG</td><td><a href="#m25">testCase1</a></td><td rowspan="1">1514217214719</td><td rowspan="1">0</td></tr><tr class="passedodd"><td><a href="#m26">testCase2</a></td><td rowspan="1">1514217214720</td><td rowspan="1">0</td></tr><tr class="passedodd"><td><a href="#m27">testCase3</a></td><td rowspan="1">1514217214721</td><td rowspan="1">0</td></tr><tr class="passedeven"><td rowspan="3">com.naveentestNG.TestNGFeatures</td><td><a href="#m28">testCase2</a></td><td rowspan="1">1514217171061</td><td rowspan="1">0</td></tr><tr class="passedeven"><td><a href="#m29">testCase4</a></td><td rowspan="1">1514217171062</td><td rowspan="1">0</td></tr><tr class="passedeven"><td><a href="#m30">testCase6</a></td><td rowspan="1">1514217171062</td><td rowspan="1">0</td></tr></tbody></table><h2>Command line test</h2><h3 id="m0">com.interviewQuestionsWebDriver.TestngException#dividedByZeroExample2</h3><table class="result"><tr><th>Exception</th></tr><tr><td><div class="stacktrace">java.lang.ArithmeticException: / by zero
	at com.interviewQuestionsWebDriver.TestngException.dividedByZeroExample2(TestngException.java:15)
... Removed 35 stack frames</div></td></tr></table><p class="totop"><a href="#summary">back to summary</a></p><h3 id="m1">com.naveentestNG.GoogleTest#googleLogoTest</h3><table class="result"><tr><th>Exception</th></tr><tr><td><div class="stacktrace">org.openqa.selenium.NoSuchElementException: no such element: Unable to locate element: {&quot;method&quot;:&quot;xpath&quot;,&quot;selector&quot;:&quot;//img[@id=&apos;hplogo&apos;]&quot;}
  (Session info: chrome=63.0.3239.108)
  (Driver info: chromedriver=2.33.506120 (e3e53437346286c0bc2d2dc9aa4915ba81d9023f),platform=Windows NT 10.0.16299 x86_64) (WARNING: The server did not provide any stacktrace information)
Command duration or timeout: 0 milliseconds
For documentation on this error, please visit: http://seleniumhq.org/exceptions/no_such_element.html
Build info: version: &apos;3.6.0&apos;, revision: &apos;6fbf3ec767&apos;, time: &apos;2017-09-27T15:28:36.4Z&apos;
System info: host: &apos;DESKTOP-16VI708&apos;, ip: &apos;192.168.0.101&apos;, os.name: &apos;Windows 10&apos;, os.arch: &apos;amd64&apos;, os.version: &apos;10.0&apos;, java.version: &apos;1.8.0_151&apos;
Driver info: org.openqa.selenium.chrome.ChromeDriver
Capabilities [{mobileEmulationEnabled=false, hasTouchScreen=false, platform=XP, acceptSslCerts=true, webStorageEnabled=true, browserName=chrome, takesScreenshot=true, javascriptEnabled=true, platformName=XP, setWindowRect=true, unexpectedAlertBehaviour=, applicationCacheEnabled=false, rotatable=false, networkConnectionEnabled=false, chrome={chromedriverVersion=2.33.506120 (e3e53437346286c0bc2d2dc9aa4915ba81d9023f), userDataDir=C:\Users\Kitty\AppData\Local\Temp\scoped_dir872_27986}, takesHeapSnapshot=true, pageLoadStrategy=normal, unhandledPromptBehavior=, databaseEnabled=false, handlesAlerts=true, version=63.0.3239.108, browserConnectionEnabled=false, nativeEvents=true, locationContextEnabled=true, cssSelectorsEnabled=true}]
Session ID: 7e2a9d7f5c863213dd90782c6dd71335
*** Element info: {Using=xpath, value=//img[@id=&apos;hplogo&apos;]}
	at org.openqa.selenium.remote.ErrorHandler.createThrowable(ErrorHandler.java:214)
	at org.openqa.selenium.remote.ErrorHandler.throwIfResponseFailed(ErrorHandler.java:166)
	at org.openqa.selenium.remote.http.JsonHttpResponseCodec.reconstructValue(JsonHttpResponseCodec.java:40)
	at org.openqa.selenium.remote.http.AbstractHttpResponseCodec.decode(AbstractHttpResponseCodec.java:82)
	at org.openqa.selenium.remote.http.AbstractHttpResponseCodec.decode(AbstractHttpResponseCodec.java:45)
	at org.openqa.selenium.remote.HttpCommandExecutor.execute(HttpCommandExecutor.java:164)
	at org.openqa.selenium.remote.service.DriverCommandExecutor.execute(DriverCommandExecutor.java:83)
	at org.openqa.selenium.remote.RemoteWebDriver.execute(RemoteWebDriver.java:586)
	at org.openqa.selenium.remote.RemoteWebDriver.findElement(RemoteWebDriver.java:356)
	at org.openqa.selenium.remote.RemoteWebDriver.findElementByXPath(RemoteWebDriver.java:458)
	at org.openqa.selenium.By$ByXPath.findElement(By.java:361)
	at org.openqa.selenium.remote.RemoteWebDriver.findElement(RemoteWebDriver.java:348)
	at com.naveentestNG.GoogleTest.googleLogoTest(GoogleTest.java:35)
... Removed 39 stack frames</div></td></tr></table><p class="totop"><a href="#summary">back to summary</a></p><h3 id="m2">com.naveentestNG.GoogleTitleTest#testCase2</h3><table class="result"><tr><th>Exception</th></tr><tr><td><div class="stacktrace">java.lang.AssertionError: Title is not matched expected [Google123] but found [Google]
	at com.naveentestNG.GoogleTitleTest.testCase2(GoogleTitleTest.java:36)
... Removed 40 stack frames</div></td></tr></table><p class="totop"><a href="#summary">back to summary</a></p><h3 id="m3">com.naveentestNG.GoogleTitleTest#testCase3</h3><table class="result"><tr><th>Exception</th></tr><tr><td><div class="stacktrace">org.openqa.selenium.NoSuchElementException: no such element: Unable to locate element: {&quot;method&quot;:&quot;xpath&quot;,&quot;selector&quot;:&quot;//*[@id=&apos;hplogo&apos;]/a/img&quot;}
  (Session info: chrome=63.0.3239.108)
  (Driver info: chromedriver=2.33.506120 (e3e53437346286c0bc2d2dc9aa4915ba81d9023f),platform=Windows NT 10.0.16299 x86_64) (WARNING: The server did not provide any stacktrace information)
Command duration or timeout: 0 milliseconds
For documentation on this error, please visit: http://seleniumhq.org/exceptions/no_such_element.html
Build info: version: &apos;3.6.0&apos;, revision: &apos;6fbf3ec767&apos;, time: &apos;2017-09-27T15:28:36.4Z&apos;
System info: host: &apos;DESKTOP-16VI708&apos;, ip: &apos;192.168.0.101&apos;, os.name: &apos;Windows 10&apos;, os.arch: &apos;amd64&apos;, os.version: &apos;10.0&apos;, java.version: &apos;1.8.0_151&apos;
Driver info: org.openqa.selenium.chrome.ChromeDriver
Capabilities [{mobileEmulationEnabled=false, hasTouchScreen=false, platform=XP, acceptSslCerts=true, webStorageEnabled=true, browserName=chrome, takesScreenshot=true, javascriptEnabled=true, platformName=XP, setWindowRect=true, unexpectedAlertBehaviour=, applicationCacheEnabled=false, rotatable=false, networkConnectionEnabled=false, chrome={chromedriverVersion=2.33.506120 (e3e53437346286c0bc2d2dc9aa4915ba81d9023f), userDataDir=C:\Users\Kitty\AppData\Local\Temp\scoped_dir7980_7549}, takesHeapSnapshot=true, pageLoadStrategy=normal, unhandledPromptBehavior=, databaseEnabled=false, handlesAlerts=true, version=63.0.3239.108, browserConnectionEnabled=false, nativeEvents=true, locationContextEnabled=true, cssSelectorsEnabled=true}]
Session ID: e1d7cd658fd8ee0b8c0a3f76d376bdb3
*** Element info: {Using=xpath, value=//*[@id=&apos;hplogo&apos;]/a/img}
	at org.openqa.selenium.remote.ErrorHandler.createThrowable(ErrorHandler.java:214)
	at org.openqa.selenium.remote.ErrorHandler.throwIfResponseFailed(ErrorHandler.java:166)
	at org.openqa.selenium.remote.http.JsonHttpResponseCodec.reconstructValue(JsonHttpResponseCodec.java:40)
	at org.openqa.selenium.remote.http.AbstractHttpResponseCodec.decode(AbstractHttpResponseCodec.java:82)
	at org.openqa.selenium.remote.http.AbstractHttpResponseCodec.decode(AbstractHttpResponseCodec.java:45)
	at org.openqa.selenium.remote.HttpCommandExecutor.execute(HttpCommandExecutor.java:164)
	at org.openqa.selenium.remote.service.DriverCommandExecutor.execute(DriverCommandExecutor.java:83)
	at org.openqa.selenium.remote.RemoteWebDriver.execute(RemoteWebDriver.java:586)
	at org.openqa.selenium.remote.RemoteWebDriver.findElement(RemoteWebDriver.java:356)
	at org.openqa.selenium.remote.RemoteWebDriver.findElementByXPath(RemoteWebDriver.java:458)
	at org.openqa.selenium.By$ByXPath.findElement(By.java:361)
	at org.openqa.selenium.remote.RemoteWebDriver.findElement(RemoteWebDriver.java:348)
	at com.naveentestNG.GoogleTitleTest.testCase3(GoogleTitleTest.java:41)
... Removed 39 stack frames</div></td></tr></table><p class="totop"><a href="#summary">back to summary</a></p><h3 id="m4">com.naveentestNG.TestNGFeatures#testCase1</h3><table class="result"><tr><th>Exception</th></tr><tr><td><div class="stacktrace">java.lang.ArithmeticException: / by zero
	at com.naveentestNG.TestNGFeatures.testCase1(TestNGFeatures.java:9)
... Removed 35 stack frames</div></td></tr></table><p class="totop"><a href="#summary">back to summary</a></p><h3 id="m5">com.naveentestNG.TestNGFeatures#testCase3</h3><table class="result"><tr><th>Exception</th></tr><tr><td><div class="stacktrace">java.lang.Throwable: Method TestNGFeatures.testCase3()[pri:0, instance:com.naveentestNG.TestNGFeatures@54a097cc] depends on not successfully finished methods
... Removed 28 stack frames</div></td></tr></table><p class="totop"><a href="#summary">back to summary</a></p><h3 id="m6">com.naveentestNG.TestNGFeatures#testCase5</h3><table class="result"><tr><th>Exception</th></tr><tr><td><div class="stacktrace">java.lang.Throwable: Method TestNGFeatures.testCase5()[pri:0, instance:com.naveentestNG.TestNGFeatures@54a097cc] depends on not successfully finished methods
... Removed 28 stack frames</div></td></tr></table><p class="totop"><a href="#summary">back to summary</a></p><h3 id="m7">com.naveentestNG.TestNGFeatures#testCase7</h3><table class="result"><tr><th>Exception</th></tr><tr><td><div class="stacktrace">java.lang.Throwable: Method TestNGFeatures.testCase7()[pri:0, instance:com.naveentestNG.TestNGFeatures@54a097cc] depends on not successfully finished methods
... Removed 28 stack frames</div></td></tr></table><p class="totop"><a href="#summary">back to summary</a></p><h3 id="m8">com.datadriven.test.HalfEbayTest#halfEbayTest</h3><table class="result"><tr class="param"><th>Parameter #1</th><th>Parameter #2</th><th>Parameter #3</th><th>Parameter #4</th><th>Parameter #5</th><th>Parameter #6</th><th>Parameter #7</th><th>Parameter #8</th></tr><tr class="param stripe"><td>Avnish126</td><td>Singh</td><td>Hari Om Vihar</td><td>Brajrajnagar4</td><td>Sunnyvale</td><td>California</td><td>90001</td><td>avnishsingh5678@gmail.com</td></tr></table><p class="totop"><a href="#summary">back to summary</a></p><h3 id="m9">com.datadriven.test.HalfEbayTest#halfEbayTest</h3><table class="result"><tr class="param"><th>Parameter #1</th><th>Parameter #2</th><th>Parameter #3</th><th>Parameter #4</th><th>Parameter #5</th><th>Parameter #6</th><th>Parameter #7</th><th>Parameter #8</th></tr><tr class="param stripe"><td>Avnish125</td><td>Singh</td><td>Hari Om Vihar</td><td>Brajrajnagar3</td><td>Sunnyvale</td><td>California</td><td>90001</td><td>avnishsingh5678@gmail.com</td></tr></table><p class="totop"><a href="#summary">back to summary</a></p><h3 id="m10">com.datadriven.test.HalfEbayTest#halfEbayTest</h3><table class="result"><tr class="param"><th>Parameter #1</th><th>Parameter #2</th><th>Parameter #3</th><th>Parameter #4</th><th>Parameter #5</th><th>Parameter #6</th><th>Parameter #7</th><th>Parameter #8</th></tr><tr class="param stripe"><td>Avnish124</td><td>Singh</td><td>Hari Om Vihar</td><td>Brajrajnagar2</td><td>Sunnyvale</td><td>California</td><td>90001</td><td>avnishsingh5678@gmail.com</td></tr></table><p class="totop"><a href="#summary">back to summary</a></p><h3 id="m11">com.datadriven.test.HalfEbayTest#halfEbayTest</h3><table class="result"><tr class="param"><th>Parameter #1</th><th>Parameter #2</th><th>Parameter #3</th><th>Parameter #4</th><th>Parameter #5</th><th>Parameter #6</th><th>Parameter #7</th><th>Parameter #8</th></tr><tr class="param stripe"><td>Avnish123</td><td>Singh</td><td>Hari Om Vihar</td><td>Brajrajnagar1</td><td>Sunnyvale</td><td>California</td><td>90001</td><td>avnishsingh5678@gmail.com</td></tr></table><p class="totop"><a href="#summary">back to summary</a></p><h3 id="m12">com.interviewQuestionsWebDriver.TestngAnnotation#testCase1</h3><table class="result"></table><p class="totop"><a href="#summary">back to summary</a></p><h3 id="m13">com.interviewQuestionsWebDriver.TestngAnnotation#testCase2</h3><table class="result"></table><p class="totop"><a href="#summary">back to summary</a></p><h3 id="m14">com.interviewQuestionsWebDriver.TestngException#dividedByZeroExample1</h3><table class="result"><tr><th>Expected Exception</th></tr><tr><td><div class="stacktrace">java.lang.ArithmeticException: / by zero
	at com.interviewQuestionsWebDriver.TestngException.dividedByZeroExample1(TestngException.java:9)
... Removed 35 stack frames</div></td></tr></table><p class="totop"><a href="#summary">back to summary</a></p><h3 id="m15">com.naveenWebDriver.GoogleSearchTest#testCase1</h3><table class="result"></table><p class="totop"><a href="#summary">back to summary</a></p><h3 id="m16">com.naveentestNG.ExcludeTest#testCase1</h3><table class="result"></table><p class="totop"><a href="#summary">back to summary</a></p><h3 id="m17">com.naveentestNG.ExcludeTest#testCase2</h3><table class="result"></table><p class="totop"><a href="#summary">back to summary</a></p><h3 id="m18">com.naveentestNG.ExcludeTest#testCase3</h3><table class="result"></table><p class="totop"><a href="#summary">back to summary</a></p><h3 id="m19">com.naveentestNG.ExcludeTest#testCase4</h3><table class="result"></table><p class="totop"><a href="#summary">back to summary</a></p><h3 id="m20">com.naveentestNG.GoogleTest#googleTitleTest</h3><table class="result"></table><p class="totop"><a href="#summary">back to summary</a></p><h3 id="m21">com.naveentestNG.GoogleTest#testCase1</h3><table class="result"></table><p class="totop"><a href="#summary">back to summary</a></p><h3 id="m22">com.naveentestNG.GoogleTest#testCase2</h3><table class="result"></table><p class="totop"><a href="#summary">back to summary</a></p><h3 id="m23">com.naveentestNG.GoogleTest#testCase3</h3><table class="result"></table><p class="totop"><a href="#summary">back to summary</a></p><h3 id="m24">com.naveentestNG.GoogleTitleTest#testCase1</h3><table class="result"></table><p class="totop"><a href="#summary">back to summary</a></p><h3 id="m25">com.naveentestNG.TestNG#testCase1</h3><table class="result"></table><p class="totop"><a href="#summary">back to summary</a></p><h3 id="m26">com.naveentestNG.TestNG#testCase2</h3><table class="result"></table><p class="totop"><a href="#summary">back to summary</a></p><h3 id="m27">com.naveentestNG.TestNG#testCase3</h3><table class="result"></table><p class="totop"><a href="#summary">back to summary</a></p><h3 id="m28">com.naveentestNG.TestNGFeatures#testCase2</h3><table class="result"></table><p class="totop"><a href="#summary">back to summary</a></p><h3 id="m29">com.naveentestNG.TestNGFeatures#testCase4</h3><table class="result"></table><p class="totop"><a href="#summary">back to summary</a></p><h3 id="m30">com.naveentestNG.TestNGFeatures#testCase6</h3><table class="result"></table><p class="totop"><a href="#summary">back to summary</a></p></body></html>