<?xml version="1.0" encoding="UTF-8"?>
<testng-results skipped="3" failed="5" ignored="0" total="31" passed="23">
  <reporter-output>
  </reporter-output>
  <suite name="Command line suite" duration-ms="186852" started-at="2017-12-25T15:51:27Z" finished-at="2017-12-25T15:54:34Z">
    <groups>
      <group name="chrome">
        <method signature="GoogleTest.googleLogoTest()[pri:2, instance:com.naveentestNG.GoogleTest@35fb3008]" name="googleLogoTest" class="com.naveentestNG.GoogleTest"/>
        <method signature="GoogleTest.googleTitleTest()[pri:1, instance:com.naveentestNG.GoogleTest@35fb3008]" name="googleTitleTest" class="com.naveentestNG.GoogleTest"/>
      </group> <!-- chrome -->
      <group name="test">
        <method signature="GoogleTest.testCase1()[pri:9, instance:com.naveentestNG.GoogleTest@35fb3008]" name="testCase1" class="com.naveentestNG.GoogleTest"/>
        <method signature="GoogleTest.testCase2()[pri:3, instance:com.naveentestNG.GoogleTest@35fb3008]" name="testCase2" class="com.naveentestNG.GoogleTest"/>
        <method signature="GoogleTest.testCase3()[pri:6, instance:com.naveentestNG.GoogleTest@35fb3008]" name="testCase3" class="com.naveentestNG.GoogleTest"/>
      </group> <!-- test -->
    </groups>
    <test name="Command line test" duration-ms="186852" started-at="2017-12-25T15:51:27Z" finished-at="2017-12-25T15:54:34Z">
      <class name="com.naveentestNG.TestNG">
        <test-method status="PASS" signature="beforeSuite()[pri:0, instance:com.naveentestNG.TestNG@34b7bfc0]" name="beforeSuite" is-config="true" duration-ms="13" started-at="2017-12-25T21:21:27Z" finished-at="2017-12-25T21:21:27Z">
          <reporter-output>
          </reporter-output>
        </test-method> <!-- beforeSuite -->
        <test-method status="PASS" signature="beforeSuite()[pri:0, instance:com.interviewQuestionsWebDriver.TestngAnnotation@67b6d4ae]" name="beforeSuite" is-config="true" duration-ms="1" started-at="2017-12-25T21:21:27Z" finished-at="2017-12-25T21:21:27Z">
          <reporter-output>
          </reporter-output>
        </test-method> <!-- beforeSuite -->
        <test-method status="PASS" signature="beforeTest()[pri:0, instance:com.naveentestNG.TestNG@34b7bfc0]" name="beforeTest" is-config="true" duration-ms="0" started-at="2017-12-25T21:21:27Z" finished-at="2017-12-25T21:21:27Z">
          <reporter-output>
          </reporter-output>
        </test-method> <!-- beforeTest -->
        <test-method status="PASS" signature="beforeTest()[pri:0, instance:com.interviewQuestionsWebDriver.TestngAnnotation@67b6d4ae]" name="beforeTest" is-config="true" duration-ms="0" started-at="2017-12-25T21:21:27Z" finished-at="2017-12-25T21:21:27Z">
          <reporter-output>
          </reporter-output>
        </test-method> <!-- beforeTest -->
        <test-method status="PASS" signature="beforeClass()[pri:0, instance:com.naveentestNG.TestNG@34b7bfc0]" name="beforeClass" is-config="true" duration-ms="0" started-at="2017-12-25T21:23:34Z" finished-at="2017-12-25T21:23:34Z">
          <reporter-output>
          </reporter-output>
        </test-method> <!-- beforeClass -->
        <test-method status="PASS" signature="beforeMethod()[pri:0, instance:com.naveentestNG.TestNG@34b7bfc0]" name="beforeMethod" is-config="true" duration-ms="1" started-at="2017-12-25T21:23:34Z" finished-at="2017-12-25T21:23:34Z">
          <reporter-output>
          </reporter-output>
        </test-method> <!-- beforeMethod -->
        <test-method status="PASS" signature="afterMethod()[pri:0, instance:com.naveentestNG.TestNG@34b7bfc0]" name="afterMethod" is-config="true" duration-ms="0" started-at="2017-12-25T21:23:34Z" finished-at="2017-12-25T21:23:34Z">
          <reporter-output>
          </reporter-output>
        </test-method> <!-- afterMethod -->
        <test-method status="PASS" signature="testCase1()[pri:0, instance:com.naveentestNG.TestNG@34b7bfc0]" name="testCase1" duration-ms="0" started-at="2017-12-25T21:23:34Z" finished-at="2017-12-25T21:23:34Z">
          <reporter-output>
          </reporter-output>
        </test-method> <!-- testCase1 -->
        <test-method status="PASS" signature="testCase2()[pri:0, instance:com.naveentestNG.TestNG@34b7bfc0]" name="testCase2" duration-ms="0" started-at="2017-12-25T21:23:34Z" finished-at="2017-12-25T21:23:34Z">
          <reporter-output>
          </reporter-output>
        </test-method> <!-- testCase2 -->
        <test-method status="PASS" signature="beforeMethod()[pri:0, instance:com.naveentestNG.TestNG@34b7bfc0]" name="beforeMethod" is-config="true" duration-ms="0" started-at="2017-12-25T21:23:34Z" finished-at="2017-12-25T21:23:34Z">
          <reporter-output>
          </reporter-output>
        </test-method> <!-- beforeMethod -->
        <test-method status="PASS" signature="afterMethod()[pri:0, instance:com.naveentestNG.TestNG@34b7bfc0]" name="afterMethod" is-config="true" duration-ms="1" started-at="2017-12-25T21:23:34Z" finished-at="2017-12-25T21:23:34Z">
          <reporter-output>
          </reporter-output>
        </test-method> <!-- afterMethod -->
        <test-method status="PASS" signature="beforeMethod()[pri:0, instance:com.naveentestNG.TestNG@34b7bfc0]" name="beforeMethod" is-config="true" duration-ms="0" started-at="2017-12-25T21:23:34Z" finished-at="2017-12-25T21:23:34Z">
          <reporter-output>
          </reporter-output>
        </test-method> <!-- beforeMethod -->
        <test-method status="PASS" signature="testCase3()[pri:0, instance:com.naveentestNG.TestNG@34b7bfc0]" name="testCase3" duration-ms="0" started-at="2017-12-25T21:23:34Z" finished-at="2017-12-25T21:23:34Z">
          <reporter-output>
          </reporter-output>
        </test-method> <!-- testCase3 -->
        <test-method status="PASS" signature="afterClass()[pri:0, instance:com.naveentestNG.TestNG@34b7bfc0]" name="afterClass" is-config="true" duration-ms="0" started-at="2017-12-25T21:23:34Z" finished-at="2017-12-25T21:23:34Z">
          <reporter-output>
          </reporter-output>
        </test-method> <!-- afterClass -->
        <test-method status="PASS" signature="afterMethod()[pri:0, instance:com.naveentestNG.TestNG@34b7bfc0]" name="afterMethod" is-config="true" duration-ms="0" started-at="2017-12-25T21:23:34Z" finished-at="2017-12-25T21:23:34Z">
          <reporter-output>
          </reporter-output>
        </test-method> <!-- afterMethod -->
        <test-method status="PASS" signature="afterTest()[pri:0, instance:com.naveentestNG.TestNG@34b7bfc0]" name="afterTest" is-config="true" duration-ms="1" started-at="2017-12-25T21:24:34Z" finished-at="2017-12-25T21:24:34Z">
          <reporter-output>
          </reporter-output>
        </test-method> <!-- afterTest -->
        <test-method status="PASS" signature="afterTest()[pri:0, instance:com.interviewQuestionsWebDriver.TestngAnnotation@67b6d4ae]" name="afterTest" is-config="true" duration-ms="0" started-at="2017-12-25T21:24:34Z" finished-at="2017-12-25T21:24:34Z">
          <reporter-output>
          </reporter-output>
        </test-method> <!-- afterTest -->
        <test-method status="PASS" signature="afterSuite()[pri:0, instance:com.interviewQuestionsWebDriver.TestngAnnotation@67b6d4ae]" name="afterSuite" is-config="true" duration-ms="0" started-at="2017-12-25T21:24:35Z" finished-at="2017-12-25T21:24:35Z">
          <reporter-output>
          </reporter-output>
        </test-method> <!-- afterSuite -->
        <test-method status="PASS" signature="afterSuite()[pri:0, instance:com.naveentestNG.TestNG@34b7bfc0]" name="afterSuite" is-config="true" duration-ms="0" started-at="2017-12-25T21:24:35Z" finished-at="2017-12-25T21:24:35Z">
          <reporter-output>
          </reporter-output>
        </test-method> <!-- afterSuite -->
      </class> <!-- com.naveentestNG.TestNG -->
      <class name="com.naveentestNG.TestNGFeatures">
        <test-method status="FAIL" signature="testCase1()[pri:0, instance:com.naveentestNG.TestNGFeatures@54a097cc]" name="testCase1" duration-ms="0" started-at="2017-12-25T21:22:51Z" finished-at="2017-12-25T21:22:51Z">
          <exception class="java.lang.ArithmeticException">
            <message>
              <![CDATA[/ by zero]]>
            </message>
            <full-stacktrace>
              <![CDATA[java.lang.ArithmeticException: / by zero
	at com.naveentestNG.TestNGFeatures.testCase1(TestNGFeatures.java:9)
	at sun.reflect.NativeMethodAccessorImpl.invoke0(Native Method)
	at sun.reflect.NativeMethodAccessorImpl.invoke(Unknown Source)
	at sun.reflect.DelegatingMethodAccessorImpl.invoke(Unknown Source)
	at java.lang.reflect.Method.invoke(Unknown Source)
	at org.testng.internal.MethodInvocationHelper.invokeMethod(MethodInvocationHelper.java:104)
	at org.testng.internal.Invoker.invokeMethod(Invoker.java:645)
	at org.testng.internal.Invoker.invokeTestMethod(Invoker.java:851)
	at org.testng.internal.Invoker.invokeTestMethods(Invoker.java:1177)
	at org.testng.internal.TestMethodWorker.invokeTestMethods(TestMethodWorker.java:129)
	at org.testng.internal.TestMethodWorker.run(TestMethodWorker.java:112)
	at org.testng.TestRunner.privateRun(TestRunner.java:756)
	at org.testng.TestRunner.run(TestRunner.java:610)
	at org.testng.SuiteRunner.runTest(SuiteRunner.java:387)
	at org.testng.SuiteRunner.runSequentially(SuiteRunner.java:382)
	at org.testng.SuiteRunner.privateRun(SuiteRunner.java:340)
	at org.testng.SuiteRunner.run(SuiteRunner.java:289)
	at org.testng.SuiteRunnerWorker.runSuite(SuiteRunnerWorker.java:52)
	at org.testng.SuiteRunnerWorker.run(SuiteRunnerWorker.java:86)
	at org.testng.TestNG.runSuitesSequentially(TestNG.java:1293)
	at org.testng.TestNG.runSuitesLocally(TestNG.java:1218)
	at org.testng.TestNG.runSuites(TestNG.java:1133)
	at org.testng.TestNG.run(TestNG.java:1104)
	at org.apache.maven.surefire.testng.TestNGExecutor.run(TestNGExecutor.java:77)
	at org.apache.maven.surefire.testng.TestNGDirectoryTestSuite.executeMulti(TestNGDirectoryTestSuite.java:159)
	at org.apache.maven.surefire.testng.TestNGDirectoryTestSuite.execute(TestNGDirectoryTestSuite.java:99)
	at org.apache.maven.surefire.testng.TestNGProvider.invoke(TestNGProvider.java:106)
	at sun.reflect.NativeMethodAccessorImpl.invoke0(Native Method)
	at sun.reflect.NativeMethodAccessorImpl.invoke(Unknown Source)
	at sun.reflect.DelegatingMethodAccessorImpl.invoke(Unknown Source)
	at java.lang.reflect.Method.invoke(Unknown Source)
	at org.apache.maven.surefire.util.ReflectionUtils.invokeMethodWithArray(ReflectionUtils.java:189)
	at org.apache.maven.surefire.booter.ProviderFactory$ProviderProxy.invoke(ProviderFactory.java:165)
	at org.apache.maven.surefire.booter.ProviderFactory.invokeProvider(ProviderFactory.java:85)
	at org.apache.maven.surefire.booter.ForkedBooter.runSuitesInProcess(ForkedBooter.java:115)
	at org.apache.maven.surefire.booter.ForkedBooter.main(ForkedBooter.java:75)
]]>
            </full-stacktrace>
          </exception> <!-- java.lang.ArithmeticException -->
          <reporter-output>
          </reporter-output>
        </test-method> <!-- testCase1 -->
        <test-method status="PASS" signature="testCase2()[pri:0, instance:com.naveentestNG.TestNGFeatures@54a097cc]" name="testCase2" duration-ms="0" started-at="2017-12-25T21:22:51Z" finished-at="2017-12-25T21:22:51Z">
          <reporter-output>
          </reporter-output>
        </test-method> <!-- testCase2 -->
        <test-method status="PASS" signature="testCase4()[pri:0, instance:com.naveentestNG.TestNGFeatures@54a097cc]" name="testCase4" duration-ms="0" started-at="2017-12-25T21:22:51Z" finished-at="2017-12-25T21:22:51Z">
          <reporter-output>
          </reporter-output>
        </test-method> <!-- testCase4 -->
        <test-method status="PASS" signature="testCase6()[pri:0, instance:com.naveentestNG.TestNGFeatures@54a097cc]" name="testCase6" duration-ms="0" started-at="2017-12-25T21:22:51Z" finished-at="2017-12-25T21:22:51Z">
          <reporter-output>
          </reporter-output>
        </test-method> <!-- testCase6 -->
        <test-method status="SKIP" signature="testCase3()[pri:0, instance:com.naveentestNG.TestNGFeatures@54a097cc]" name="testCase3" duration-ms="0" started-at="2017-12-25T21:23:34Z" depends-on-methods="com.naveentestNG.TestNGFeatures.testCase1" finished-at="2017-12-25T21:23:34Z">
          <exception class="java.lang.Throwable">
            <message>
              <![CDATA[Method TestNGFeatures.testCase3()[pri:0, instance:com.naveentestNG.TestNGFeatures@54a097cc] depends on not successfully finished methods]]>
            </message>
            <full-stacktrace>
              <![CDATA[java.lang.Throwable: Method TestNGFeatures.testCase3()[pri:0, instance:com.naveentestNG.TestNGFeatures@54a097cc] depends on not successfully finished methods
	at org.testng.internal.Invoker.invokeTestMethods(Invoker.java:1068)
	at org.testng.internal.TestMethodWorker.invokeTestMethods(TestMethodWorker.java:129)
	at org.testng.internal.TestMethodWorker.run(TestMethodWorker.java:112)
	at org.testng.TestRunner.privateRun(TestRunner.java:756)
	at org.testng.TestRunner.run(TestRunner.java:610)
	at org.testng.SuiteRunner.runTest(SuiteRunner.java:387)
	at org.testng.SuiteRunner.runSequentially(SuiteRunner.java:382)
	at org.testng.SuiteRunner.privateRun(SuiteRunner.java:340)
	at org.testng.SuiteRunner.run(SuiteRunner.java:289)
	at org.testng.SuiteRunnerWorker.runSuite(SuiteRunnerWorker.java:52)
	at org.testng.SuiteRunnerWorker.run(SuiteRunnerWorker.java:86)
	at org.testng.TestNG.runSuitesSequentially(TestNG.java:1293)
	at org.testng.TestNG.runSuitesLocally(TestNG.java:1218)
	at org.testng.TestNG.runSuites(TestNG.java:1133)
	at org.testng.TestNG.run(TestNG.java:1104)
	at org.apache.maven.surefire.testng.TestNGExecutor.run(TestNGExecutor.java:77)
	at org.apache.maven.surefire.testng.TestNGDirectoryTestSuite.executeMulti(TestNGDirectoryTestSuite.java:159)
	at org.apache.maven.surefire.testng.TestNGDirectoryTestSuite.execute(TestNGDirectoryTestSuite.java:99)
	at org.apache.maven.surefire.testng.TestNGProvider.invoke(TestNGProvider.java:106)
	at sun.reflect.NativeMethodAccessorImpl.invoke0(Native Method)
	at sun.reflect.NativeMethodAccessorImpl.invoke(Unknown Source)
	at sun.reflect.DelegatingMethodAccessorImpl.invoke(Unknown Source)
	at java.lang.reflect.Method.invoke(Unknown Source)
	at org.apache.maven.surefire.util.ReflectionUtils.invokeMethodWithArray(ReflectionUtils.java:189)
	at org.apache.maven.surefire.booter.ProviderFactory$ProviderProxy.invoke(ProviderFactory.java:165)
	at org.apache.maven.surefire.booter.ProviderFactory.invokeProvider(ProviderFactory.java:85)
	at org.apache.maven.surefire.booter.ForkedBooter.runSuitesInProcess(ForkedBooter.java:115)
	at org.apache.maven.surefire.booter.ForkedBooter.main(ForkedBooter.java:75)
]]>
            </full-stacktrace>
          </exception> <!-- java.lang.Throwable -->
          <reporter-output>
          </reporter-output>
        </test-method> <!-- testCase3 -->
        <test-method status="SKIP" signature="testCase5()[pri:0, instance:com.naveentestNG.TestNGFeatures@54a097cc]" name="testCase5" duration-ms="0" started-at="2017-12-25T21:23:34Z" depends-on-methods="com.naveentestNG.TestNGFeatures.testCase1" finished-at="2017-12-25T21:23:34Z">
          <exception class="java.lang.Throwable">
            <message>
              <![CDATA[Method TestNGFeatures.testCase5()[pri:0, instance:com.naveentestNG.TestNGFeatures@54a097cc] depends on not successfully finished methods]]>
            </message>
            <full-stacktrace>
              <![CDATA[java.lang.Throwable: Method TestNGFeatures.testCase5()[pri:0, instance:com.naveentestNG.TestNGFeatures@54a097cc] depends on not successfully finished methods
	at org.testng.internal.Invoker.invokeTestMethods(Invoker.java:1068)
	at org.testng.internal.TestMethodWorker.invokeTestMethods(TestMethodWorker.java:129)
	at org.testng.internal.TestMethodWorker.run(TestMethodWorker.java:112)
	at org.testng.TestRunner.privateRun(TestRunner.java:756)
	at org.testng.TestRunner.run(TestRunner.java:610)
	at org.testng.SuiteRunner.runTest(SuiteRunner.java:387)
	at org.testng.SuiteRunner.runSequentially(SuiteRunner.java:382)
	at org.testng.SuiteRunner.privateRun(SuiteRunner.java:340)
	at org.testng.SuiteRunner.run(SuiteRunner.java:289)
	at org.testng.SuiteRunnerWorker.runSuite(SuiteRunnerWorker.java:52)
	at org.testng.SuiteRunnerWorker.run(SuiteRunnerWorker.java:86)
	at org.testng.TestNG.runSuitesSequentially(TestNG.java:1293)
	at org.testng.TestNG.runSuitesLocally(TestNG.java:1218)
	at org.testng.TestNG.runSuites(TestNG.java:1133)
	at org.testng.TestNG.run(TestNG.java:1104)
	at org.apache.maven.surefire.testng.TestNGExecutor.run(TestNGExecutor.java:77)
	at org.apache.maven.surefire.testng.TestNGDirectoryTestSuite.executeMulti(TestNGDirectoryTestSuite.java:159)
	at org.apache.maven.surefire.testng.TestNGDirectoryTestSuite.execute(TestNGDirectoryTestSuite.java:99)
	at org.apache.maven.surefire.testng.TestNGProvider.invoke(TestNGProvider.java:106)
	at sun.reflect.NativeMethodAccessorImpl.invoke0(Native Method)
	at sun.reflect.NativeMethodAccessorImpl.invoke(Unknown Source)
	at sun.reflect.DelegatingMethodAccessorImpl.invoke(Unknown Source)
	at java.lang.reflect.Method.invoke(Unknown Source)
	at org.apache.maven.surefire.util.ReflectionUtils.invokeMethodWithArray(ReflectionUtils.java:189)
	at org.apache.maven.surefire.booter.ProviderFactory$ProviderProxy.invoke(ProviderFactory.java:165)
	at org.apache.maven.surefire.booter.ProviderFactory.invokeProvider(ProviderFactory.java:85)
	at org.apache.maven.surefire.booter.ForkedBooter.runSuitesInProcess(ForkedBooter.java:115)
	at org.apache.maven.surefire.booter.ForkedBooter.main(ForkedBooter.java:75)
]]>
            </full-stacktrace>
          </exception> <!-- java.lang.Throwable -->
          <reporter-output>
          </reporter-output>
        </test-method> <!-- testCase5 -->
        <test-method status="SKIP" signature="testCase7()[pri:0, instance:com.naveentestNG.TestNGFeatures@54a097cc]" name="testCase7" duration-ms="0" started-at="2017-12-25T21:23:34Z" depends-on-methods="com.naveentestNG.TestNGFeatures.testCase1" finished-at="2017-12-25T21:23:34Z">
          <exception class="java.lang.Throwable">
            <message>
              <![CDATA[Method TestNGFeatures.testCase7()[pri:0, instance:com.naveentestNG.TestNGFeatures@54a097cc] depends on not successfully finished methods]]>
            </message>
            <full-stacktrace>
              <![CDATA[java.lang.Throwable: Method TestNGFeatures.testCase7()[pri:0, instance:com.naveentestNG.TestNGFeatures@54a097cc] depends on not successfully finished methods
	at org.testng.internal.Invoker.invokeTestMethods(Invoker.java:1068)
	at org.testng.internal.TestMethodWorker.invokeTestMethods(TestMethodWorker.java:129)
	at org.testng.internal.TestMethodWorker.run(TestMethodWorker.java:112)
	at org.testng.TestRunner.privateRun(TestRunner.java:756)
	at org.testng.TestRunner.run(TestRunner.java:610)
	at org.testng.SuiteRunner.runTest(SuiteRunner.java:387)
	at org.testng.SuiteRunner.runSequentially(SuiteRunner.java:382)
	at org.testng.SuiteRunner.privateRun(SuiteRunner.java:340)
	at org.testng.SuiteRunner.run(SuiteRunner.java:289)
	at org.testng.SuiteRunnerWorker.runSuite(SuiteRunnerWorker.java:52)
	at org.testng.SuiteRunnerWorker.run(SuiteRunnerWorker.java:86)
	at org.testng.TestNG.runSuitesSequentially(TestNG.java:1293)
	at org.testng.TestNG.runSuitesLocally(TestNG.java:1218)
	at org.testng.TestNG.runSuites(TestNG.java:1133)
	at org.testng.TestNG.run(TestNG.java:1104)
	at org.apache.maven.surefire.testng.TestNGExecutor.run(TestNGExecutor.java:77)
	at org.apache.maven.surefire.testng.TestNGDirectoryTestSuite.executeMulti(TestNGDirectoryTestSuite.java:159)
	at org.apache.maven.surefire.testng.TestNGDirectoryTestSuite.execute(TestNGDirectoryTestSuite.java:99)
	at org.apache.maven.surefire.testng.TestNGProvider.invoke(TestNGProvider.java:106)
	at sun.reflect.NativeMethodAccessorImpl.invoke0(Native Method)
	at sun.reflect.NativeMethodAccessorImpl.invoke(Unknown Source)
	at sun.reflect.DelegatingMethodAccessorImpl.invoke(Unknown Source)
	at java.lang.reflect.Method.invoke(Unknown Source)
	at org.apache.maven.surefire.util.ReflectionUtils.invokeMethodWithArray(ReflectionUtils.java:189)
	at org.apache.maven.surefire.booter.ProviderFactory$ProviderProxy.invoke(ProviderFactory.java:165)
	at org.apache.maven.surefire.booter.ProviderFactory.invokeProvider(ProviderFactory.java:85)
	at org.apache.maven.surefire.booter.ForkedBooter.runSuitesInProcess(ForkedBooter.java:115)
	at org.apache.maven.surefire.booter.ForkedBooter.main(ForkedBooter.java:75)
]]>
            </full-stacktrace>
          </exception> <!-- java.lang.Throwable -->
          <reporter-output>
          </reporter-output>
        </test-method> <!-- testCase7 -->
      </class> <!-- com.naveentestNG.TestNGFeatures -->
      <class name="com.interviewQuestionsWebDriver.TestngAnnotation">
        <test-method status="PASS" signature="beforeClass()[pri:0, instance:com.interviewQuestionsWebDriver.TestngAnnotation@67b6d4ae]" name="beforeClass" is-config="true" duration-ms="0" started-at="2017-12-25T21:22:38Z" finished-at="2017-12-25T21:22:38Z">
          <reporter-output>
          </reporter-output>
        </test-method> <!-- beforeClass -->
        <test-method status="PASS" signature="testCase1()[pri:0, instance:com.interviewQuestionsWebDriver.TestngAnnotation@67b6d4ae]" name="testCase1" duration-ms="0" started-at="2017-12-25T21:22:38Z" finished-at="2017-12-25T21:22:38Z">
          <reporter-output>
          </reporter-output>
        </test-method> <!-- testCase1 -->
        <test-method status="PASS" signature="beforeMethod()[pri:0, instance:com.interviewQuestionsWebDriver.TestngAnnotation@67b6d4ae]" name="beforeMethod" is-config="true" duration-ms="0" started-at="2017-12-25T21:22:38Z" finished-at="2017-12-25T21:22:38Z">
          <reporter-output>
          </reporter-output>
        </test-method> <!-- beforeMethod -->
        <test-method status="PASS" signature="afterMethod()[pri:0, instance:com.interviewQuestionsWebDriver.TestngAnnotation@67b6d4ae]" name="afterMethod" is-config="true" duration-ms="0" started-at="2017-12-25T21:22:38Z" finished-at="2017-12-25T21:22:38Z">
          <reporter-output>
          </reporter-output>
        </test-method> <!-- afterMethod -->
        <test-method status="PASS" signature="testCase2()[pri:0, instance:com.interviewQuestionsWebDriver.TestngAnnotation@67b6d4ae]" name="testCase2" duration-ms="0" started-at="2017-12-25T21:22:38Z" finished-at="2017-12-25T21:22:38Z">
          <reporter-output>
          </reporter-output>
        </test-method> <!-- testCase2 -->
        <test-method status="PASS" signature="afterClass()[pri:0, instance:com.interviewQuestionsWebDriver.TestngAnnotation@67b6d4ae]" name="afterClass" is-config="true" duration-ms="1" started-at="2017-12-25T21:22:38Z" finished-at="2017-12-25T21:22:38Z">
          <reporter-output>
          </reporter-output>
        </test-method> <!-- afterClass -->
        <test-method status="PASS" signature="beforeMethod()[pri:0, instance:com.interviewQuestionsWebDriver.TestngAnnotation@67b6d4ae]" name="beforeMethod" is-config="true" duration-ms="0" started-at="2017-12-25T21:22:38Z" finished-at="2017-12-25T21:22:38Z">
          <reporter-output>
          </reporter-output>
        </test-method> <!-- beforeMethod -->
        <test-method status="PASS" signature="afterMethod()[pri:0, instance:com.interviewQuestionsWebDriver.TestngAnnotation@67b6d4ae]" name="afterMethod" is-config="true" duration-ms="0" started-at="2017-12-25T21:22:38Z" finished-at="2017-12-25T21:22:38Z">
          <reporter-output>
          </reporter-output>
        </test-method> <!-- afterMethod -->
      </class> <!-- com.interviewQuestionsWebDriver.TestngAnnotation -->
      <class name="com.naveentestNG.GoogleTitleTest">
        <test-method status="PASS" signature="setUp()[pri:0, instance:com.naveentestNG.GoogleTitleTest@7225790e]" name="setUp" is-config="true" duration-ms="7525" started-at="2017-12-25T21:22:51Z" finished-at="2017-12-25T21:22:58Z">
          <reporter-output>
          </reporter-output>
        </test-method> <!-- setUp -->
        <test-method status="PASS" signature="testCase1()[pri:0, instance:com.naveentestNG.GoogleTitleTest@7225790e]" name="testCase1" duration-ms="17" started-at="2017-12-25T21:22:58Z" finished-at="2017-12-25T21:22:58Z">
          <reporter-output>
          </reporter-output>
        </test-method> <!-- testCase1 -->
        <test-method status="PASS" signature="tearDown()[pri:0, instance:com.naveentestNG.GoogleTitleTest@7225790e]" name="tearDown" is-config="true" duration-ms="711" started-at="2017-12-25T21:22:58Z" finished-at="2017-12-25T21:22:59Z">
          <reporter-output>
          </reporter-output>
        </test-method> <!-- tearDown -->
        <test-method status="PASS" signature="setUp()[pri:0, instance:com.naveentestNG.GoogleTitleTest@7225790e]" name="setUp" is-config="true" duration-ms="6818" started-at="2017-12-25T21:22:59Z" finished-at="2017-12-25T21:23:06Z">
          <reporter-output>
          </reporter-output>
        </test-method> <!-- setUp -->
        <test-method status="FAIL" signature="testCase2()[pri:0, instance:com.naveentestNG.GoogleTitleTest@7225790e]" name="testCase2" duration-ms="19" started-at="2017-12-25T21:23:06Z" finished-at="2017-12-25T21:23:06Z">
          <exception class="java.lang.AssertionError">
            <message>
              <![CDATA[Title is not matched expected [Google123] but found [Google]]]>
            </message>
            <full-stacktrace>
              <![CDATA[java.lang.AssertionError: Title is not matched expected [Google123] but found [Google]
	at org.testng.Assert.fail(Assert.java:94)
	at org.testng.Assert.failNotEquals(Assert.java:513)
	at org.testng.Assert.assertEqualsImpl(Assert.java:135)
	at org.testng.Assert.assertEquals(Assert.java:116)
	at org.testng.Assert.assertEquals(Assert.java:190)
	at com.naveentestNG.GoogleTitleTest.testCase2(GoogleTitleTest.java:36)
	at sun.reflect.NativeMethodAccessorImpl.invoke0(Native Method)
	at sun.reflect.NativeMethodAccessorImpl.invoke(Unknown Source)
	at sun.reflect.DelegatingMethodAccessorImpl.invoke(Unknown Source)
	at java.lang.reflect.Method.invoke(Unknown Source)
	at org.testng.internal.MethodInvocationHelper.invokeMethod(MethodInvocationHelper.java:104)
	at org.testng.internal.Invoker.invokeMethod(Invoker.java:645)
	at org.testng.internal.Invoker.invokeTestMethod(Invoker.java:851)
	at org.testng.internal.Invoker.invokeTestMethods(Invoker.java:1177)
	at org.testng.internal.TestMethodWorker.invokeTestMethods(TestMethodWorker.java:129)
	at org.testng.internal.TestMethodWorker.run(TestMethodWorker.java:112)
	at org.testng.TestRunner.privateRun(TestRunner.java:756)
	at org.testng.TestRunner.run(TestRunner.java:610)
	at org.testng.SuiteRunner.runTest(SuiteRunner.java:387)
	at org.testng.SuiteRunner.runSequentially(SuiteRunner.java:382)
	at org.testng.SuiteRunner.privateRun(SuiteRunner.java:340)
	at org.testng.SuiteRunner.run(SuiteRunner.java:289)
	at org.testng.SuiteRunnerWorker.runSuite(SuiteRunnerWorker.java:52)
	at org.testng.SuiteRunnerWorker.run(SuiteRunnerWorker.java:86)
	at org.testng.TestNG.runSuitesSequentially(TestNG.java:1293)
	at org.testng.TestNG.runSuitesLocally(TestNG.java:1218)
	at org.testng.TestNG.runSuites(TestNG.java:1133)
	at org.testng.TestNG.run(TestNG.java:1104)
	at org.apache.maven.surefire.testng.TestNGExecutor.run(TestNGExecutor.java:77)
	at org.apache.maven.surefire.testng.TestNGDirectoryTestSuite.executeMulti(TestNGDirectoryTestSuite.java:159)
	at org.apache.maven.surefire.testng.TestNGDirectoryTestSuite.execute(TestNGDirectoryTestSuite.java:99)
	at org.apache.maven.surefire.testng.TestNGProvider.invoke(TestNGProvider.java:106)
	at sun.reflect.NativeMethodAccessorImpl.invoke0(Native Method)
	at sun.reflect.NativeMethodAccessorImpl.invoke(Unknown Source)
	at sun.reflect.DelegatingMethodAccessorImpl.invoke(Unknown Source)
	at java.lang.reflect.Method.invoke(Unknown Source)
	at org.apache.maven.surefire.util.ReflectionUtils.invokeMethodWithArray(ReflectionUtils.java:189)
	at org.apache.maven.surefire.booter.ProviderFactory$ProviderProxy.invoke(ProviderFactory.java:165)
	at org.apache.maven.surefire.booter.ProviderFactory.invokeProvider(ProviderFactory.java:85)
	at org.apache.maven.surefire.booter.ForkedBooter.runSuitesInProcess(ForkedBooter.java:115)
	at org.apache.maven.surefire.booter.ForkedBooter.main(ForkedBooter.java:75)
]]>
            </full-stacktrace>
          </exception> <!-- java.lang.AssertionError -->
          <reporter-output>
          </reporter-output>
        </test-method> <!-- testCase2 -->
        <test-method status="PASS" signature="tearDown()[pri:0, instance:com.naveentestNG.GoogleTitleTest@7225790e]" name="tearDown" is-config="true" duration-ms="702" started-at="2017-12-25T21:23:06Z" finished-at="2017-12-25T21:23:06Z">
          <reporter-output>
          </reporter-output>
        </test-method> <!-- tearDown -->
        <test-method status="PASS" signature="setUp()[pri:0, instance:com.naveentestNG.GoogleTitleTest@7225790e]" name="setUp" is-config="true" duration-ms="6963" started-at="2017-12-25T21:23:06Z" finished-at="2017-12-25T21:23:13Z">
          <reporter-output>
          </reporter-output>
        </test-method> <!-- setUp -->
        <test-method status="FAIL" signature="testCase3()[pri:0, instance:com.naveentestNG.GoogleTitleTest@7225790e]" name="testCase3" duration-ms="20160" started-at="2017-12-25T21:23:13Z" finished-at="2017-12-25T21:23:33Z">
          <exception class="org.openqa.selenium.NoSuchElementException">
            <message>
              <![CDATA[no such element: Unable to locate element: {"method":"xpath","selector":"//*[@id='hplogo']/a/img"}
  (Session info: chrome=63.0.3239.108)
  (Driver info: chromedriver=2.33.506120 (e3e53437346286c0bc2d2dc9aa4915ba81d9023f),platform=Windows NT 10.0.16299 x86_64) (WARNING: The server did not provide any stacktrace information)
Command duration or timeout: 0 milliseconds
For documentation on this error, please visit: http://seleniumhq.org/exceptions/no_such_element.html
Build info: version: '3.6.0', revision: '6fbf3ec767', time: '2017-09-27T15:28:36.4Z'
System info: host: 'DESKTOP-16VI708', ip: '192.168.0.101', os.name: 'Windows 10', os.arch: 'amd64', os.version: '10.0', java.version: '1.8.0_151'
Driver info: org.openqa.selenium.chrome.ChromeDriver
Capabilities [{mobileEmulationEnabled=false, hasTouchScreen=false, platform=XP, acceptSslCerts=true, webStorageEnabled=true, browserName=chrome, takesScreenshot=true, javascriptEnabled=true, platformName=XP, setWindowRect=true, unexpectedAlertBehaviour=, applicationCacheEnabled=false, rotatable=false, networkConnectionEnabled=false, chrome={chromedriverVersion=2.33.506120 (e3e53437346286c0bc2d2dc9aa4915ba81d9023f), userDataDir=C:\Users\Kitty\AppData\Local\Temp\scoped_dir7980_7549}, takesHeapSnapshot=true, pageLoadStrategy=normal, unhandledPromptBehavior=, databaseEnabled=false, handlesAlerts=true, version=63.0.3239.108, browserConnectionEnabled=false, nativeEvents=true, locationContextEnabled=true, cssSelectorsEnabled=true}]
Session ID: e1d7cd658fd8ee0b8c0a3f76d376bdb3
*** Element info: {Using=xpath, value=//*[@id='hplogo']/a/img}]]>
            </message>
            <full-stacktrace>
              <![CDATA[org.openqa.selenium.NoSuchElementException: no such element: Unable to locate element: {"method":"xpath","selector":"//*[@id='hplogo']/a/img"}
  (Session info: chrome=63.0.3239.108)
  (Driver info: chromedriver=2.33.506120 (e3e53437346286c0bc2d2dc9aa4915ba81d9023f),platform=Windows NT 10.0.16299 x86_64) (WARNING: The server did not provide any stacktrace information)
Command duration or timeout: 0 milliseconds
For documentation on this error, please visit: http://seleniumhq.org/exceptions/no_such_element.html
Build info: version: '3.6.0', revision: '6fbf3ec767', time: '2017-09-27T15:28:36.4Z'
System info: host: 'DESKTOP-16VI708', ip: '192.168.0.101', os.name: 'Windows 10', os.arch: 'amd64', os.version: '10.0', java.version: '1.8.0_151'
Driver info: org.openqa.selenium.chrome.ChromeDriver
Capabilities [{mobileEmulationEnabled=false, hasTouchScreen=false, platform=XP, acceptSslCerts=true, webStorageEnabled=true, browserName=chrome, takesScreenshot=true, javascriptEnabled=true, platformName=XP, setWindowRect=true, unexpectedAlertBehaviour=, applicationCacheEnabled=false, rotatable=false, networkConnectionEnabled=false, chrome={chromedriverVersion=2.33.506120 (e3e53437346286c0bc2d2dc9aa4915ba81d9023f), userDataDir=C:\Users\Kitty\AppData\Local\Temp\scoped_dir7980_7549}, takesHeapSnapshot=true, pageLoadStrategy=normal, unhandledPromptBehavior=, databaseEnabled=false, handlesAlerts=true, version=63.0.3239.108, browserConnectionEnabled=false, nativeEvents=true, locationContextEnabled=true, cssSelectorsEnabled=true}]
Session ID: e1d7cd658fd8ee0b8c0a3f76d376bdb3
*** Element info: {Using=xpath, value=//*[@id='hplogo']/a/img}
	at sun.reflect.NativeConstructorAccessorImpl.newInstance0(Native Method)
	at sun.reflect.NativeConstructorAccessorImpl.newInstance(Unknown Source)
	at sun.reflect.DelegatingConstructorAccessorImpl.newInstance(Unknown Source)
	at java.lang.reflect.Constructor.newInstance(Unknown Source)
	at org.openqa.selenium.remote.ErrorHandler.createThrowable(ErrorHandler.java:214)
	at org.openqa.selenium.remote.ErrorHandler.throwIfResponseFailed(ErrorHandler.java:166)
	at org.openqa.selenium.remote.http.JsonHttpResponseCodec.reconstructValue(JsonHttpResponseCodec.java:40)
	at org.openqa.selenium.remote.http.AbstractHttpResponseCodec.decode(AbstractHttpResponseCodec.java:82)
	at org.openqa.selenium.remote.http.AbstractHttpResponseCodec.decode(AbstractHttpResponseCodec.java:45)
	at org.openqa.selenium.remote.HttpCommandExecutor.execute(HttpCommandExecutor.java:164)
	at org.openqa.selenium.remote.service.DriverCommandExecutor.execute(DriverCommandExecutor.java:83)
	at org.openqa.selenium.remote.RemoteWebDriver.execute(RemoteWebDriver.java:586)
	at org.openqa.selenium.remote.RemoteWebDriver.findElement(RemoteWebDriver.java:356)
	at org.openqa.selenium.remote.RemoteWebDriver.findElementByXPath(RemoteWebDriver.java:458)
	at org.openqa.selenium.By$ByXPath.findElement(By.java:361)
	at org.openqa.selenium.remote.RemoteWebDriver.findElement(RemoteWebDriver.java:348)
	at com.naveentestNG.GoogleTitleTest.testCase3(GoogleTitleTest.java:41)
	at sun.reflect.NativeMethodAccessorImpl.invoke0(Native Method)
	at sun.reflect.NativeMethodAccessorImpl.invoke(Unknown Source)
	at sun.reflect.DelegatingMethodAccessorImpl.invoke(Unknown Source)
	at java.lang.reflect.Method.invoke(Unknown Source)
	at org.testng.internal.MethodInvocationHelper.invokeMethod(MethodInvocationHelper.java:104)
	at org.testng.internal.Invoker.invokeMethod(Invoker.java:645)
	at org.testng.internal.Invoker.invokeTestMethod(Invoker.java:851)
	at org.testng.internal.Invoker.invokeTestMethods(Invoker.java:1177)
	at org.testng.internal.TestMethodWorker.invokeTestMethods(TestMethodWorker.java:129)
	at org.testng.internal.TestMethodWorker.run(TestMethodWorker.java:112)
	at org.testng.TestRunner.privateRun(TestRunner.java:756)
	at org.testng.TestRunner.run(TestRunner.java:610)
	at org.testng.SuiteRunner.runTest(SuiteRunner.java:387)
	at org.testng.SuiteRunner.runSequentially(SuiteRunner.java:382)
	at org.testng.SuiteRunner.privateRun(SuiteRunner.java:340)
	at org.testng.SuiteRunner.run(SuiteRunner.java:289)
	at org.testng.SuiteRunnerWorker.runSuite(SuiteRunnerWorker.java:52)
	at org.testng.SuiteRunnerWorker.run(SuiteRunnerWorker.java:86)
	at org.testng.TestNG.runSuitesSequentially(TestNG.java:1293)
	at org.testng.TestNG.runSuitesLocally(TestNG.java:1218)
	at org.testng.TestNG.runSuites(TestNG.java:1133)
	at org.testng.TestNG.run(TestNG.java:1104)
	at org.apache.maven.surefire.testng.TestNGExecutor.run(TestNGExecutor.java:77)
	at org.apache.maven.surefire.testng.TestNGDirectoryTestSuite.executeMulti(TestNGDirectoryTestSuite.java:159)
	at org.apache.maven.surefire.testng.TestNGDirectoryTestSuite.execute(TestNGDirectoryTestSuite.java:99)
	at org.apache.maven.surefire.testng.TestNGProvider.invoke(TestNGProvider.java:106)
	at sun.reflect.NativeMethodAccessorImpl.invoke0(Native Method)
	at sun.reflect.NativeMethodAccessorImpl.invoke(Unknown Source)
	at sun.reflect.DelegatingMethodAccessorImpl.invoke(Unknown Source)
	at java.lang.reflect.Method.invoke(Unknown Source)
	at org.apache.maven.surefire.util.ReflectionUtils.invokeMethodWithArray(ReflectionUtils.java:189)
	at org.apache.maven.surefire.booter.ProviderFactory$ProviderProxy.invoke(ProviderFactory.java:165)
	at org.apache.maven.surefire.booter.ProviderFactory.invokeProvider(ProviderFactory.java:85)
	at org.apache.maven.surefire.booter.ForkedBooter.runSuitesInProcess(ForkedBooter.java:115)
	at org.apache.maven.surefire.booter.ForkedBooter.main(ForkedBooter.java:75)
]]>
            </full-stacktrace>
          </exception> <!-- org.openqa.selenium.NoSuchElementException -->
          <reporter-output>
          </reporter-output>
        </test-method> <!-- testCase3 -->
        <test-method status="PASS" signature="tearDown()[pri:0, instance:com.naveentestNG.GoogleTitleTest@7225790e]" name="tearDown" is-config="true" duration-ms="729" started-at="2017-12-25T21:23:33Z" finished-at="2017-12-25T21:23:34Z">
          <reporter-output>
          </reporter-output>
        </test-method> <!-- tearDown -->
      </class> <!-- com.naveentestNG.GoogleTitleTest -->
      <class name="com.naveentestNG.ExcludeTest">
        <test-method status="PASS" signature="testCase1()[pri:1, instance:com.naveentestNG.ExcludeTest@3cbbc1e0]" name="testCase1" duration-ms="1" started-at="2017-12-25T21:23:34Z" finished-at="2017-12-25T21:23:34Z">
          <reporter-output>
          </reporter-output>
        </test-method> <!-- testCase1 -->
        <test-method status="PASS" signature="testCase2()[pri:2, instance:com.naveentestNG.ExcludeTest@3cbbc1e0]" name="testCase2" duration-ms="0" started-at="2017-12-25T21:23:42Z" finished-at="2017-12-25T21:23:42Z">
          <reporter-output>
          </reporter-output>
        </test-method> <!-- testCase2 -->
        <test-method status="PASS" signature="testCase3()[pri:3, instance:com.naveentestNG.ExcludeTest@3cbbc1e0]" name="testCase3" duration-ms="0" started-at="2017-12-25T21:24:11Z" finished-at="2017-12-25T21:24:11Z">
          <reporter-output>
          </reporter-output>
        </test-method> <!-- testCase3 -->
        <test-method status="PASS" signature="testCase4()[pri:4, instance:com.naveentestNG.ExcludeTest@3cbbc1e0]" name="testCase4" duration-ms="1" started-at="2017-12-25T21:24:18Z" finished-at="2017-12-25T21:24:18Z">
          <reporter-output>
          </reporter-output>
        </test-method> <!-- testCase4 -->
      </class> <!-- com.naveentestNG.ExcludeTest -->
      <class name="com.datadriven.test.HalfEbayTest">
        <test-method status="PASS" signature="setUp()[pri:0, instance:com.datadriven.test.HalfEbayTest@366e2eef]" name="setUp" is-config="true" duration-ms="18440" started-at="2017-12-25T21:21:29Z" finished-at="2017-12-25T21:21:47Z">
          <reporter-output>
          </reporter-output>
        </test-method> <!-- setUp -->
        <test-method status="PASS" signature="halfEbayTest(java.lang.String, java.lang.String, java.lang.String, java.lang.String, java.lang.String, java.lang.String, java.lang.String, java.lang.String)[pri:0, instance:com.datadriven.test.HalfEbayTest@366e2eef]" name="halfEbayTest" duration-ms="5833" started-at="2017-12-25T21:21:47Z" data-provider="getTestData" finished-at="2017-12-25T21:21:53Z">
          <params>
            <param index="0">
              <value>
                <![CDATA[Avnish123]]>
              </value>
            </param>
            <param index="1">
              <value>
                <![CDATA[Singh]]>
              </value>
            </param>
            <param index="2">
              <value>
                <![CDATA[Hari Om Vihar]]>
              </value>
            </param>
            <param index="3">
              <value>
                <![CDATA[Brajrajnagar1]]>
              </value>
            </param>
            <param index="4">
              <value>
                <![CDATA[Sunnyvale]]>
              </value>
            </param>
            <param index="5">
              <value>
                <![CDATA[California]]>
              </value>
            </param>
            <param index="6">
              <value>
                <![CDATA[90001]]>
              </value>
            </param>
            <param index="7">
              <value>
                <![CDATA[avnishsingh5678@gmail.com]]>
              </value>
            </param>
          </params>
          <reporter-output>
          </reporter-output>
        </test-method> <!-- halfEbayTest -->
        <test-method status="PASS" signature="tearDown()[pri:0, instance:com.datadriven.test.HalfEbayTest@366e2eef]" name="tearDown" is-config="true" duration-ms="850" started-at="2017-12-25T21:21:53Z" finished-at="2017-12-25T21:21:54Z">
          <reporter-output>
          </reporter-output>
        </test-method> <!-- tearDown -->
        <test-method status="PASS" signature="setUp()[pri:0, instance:com.datadriven.test.HalfEbayTest@366e2eef]" name="setUp" is-config="true" duration-ms="9849" started-at="2017-12-25T21:21:54Z" finished-at="2017-12-25T21:22:04Z">
          <reporter-output>
          </reporter-output>
        </test-method> <!-- setUp -->
        <test-method status="PASS" signature="halfEbayTest(java.lang.String, java.lang.String, java.lang.String, java.lang.String, java.lang.String, java.lang.String, java.lang.String, java.lang.String)[pri:0, instance:com.datadriven.test.HalfEbayTest@366e2eef]" name="halfEbayTest" duration-ms="4107" started-at="2017-12-25T21:22:04Z" data-provider="getTestData" finished-at="2017-12-25T21:22:08Z">
          <params>
            <param index="0">
              <value>
                <![CDATA[Avnish124]]>
              </value>
            </param>
            <param index="1">
              <value>
                <![CDATA[Singh]]>
              </value>
            </param>
            <param index="2">
              <value>
                <![CDATA[Hari Om Vihar]]>
              </value>
            </param>
            <param index="3">
              <value>
                <![CDATA[Brajrajnagar2]]>
              </value>
            </param>
            <param index="4">
              <value>
                <![CDATA[Sunnyvale]]>
              </value>
            </param>
            <param index="5">
              <value>
                <![CDATA[California]]>
              </value>
            </param>
            <param index="6">
              <value>
                <![CDATA[90001]]>
              </value>
            </param>
            <param index="7">
              <value>
                <![CDATA[avnishsingh5678@gmail.com]]>
              </value>
            </param>
          </params>
          <reporter-output>
          </reporter-output>
        </test-method> <!-- halfEbayTest -->
        <test-method status="PASS" signature="tearDown()[pri:0, instance:com.datadriven.test.HalfEbayTest@366e2eef]" name="tearDown" is-config="true" duration-ms="681" started-at="2017-12-25T21:22:08Z" finished-at="2017-12-25T21:22:08Z">
          <reporter-output>
          </reporter-output>
        </test-method> <!-- tearDown -->
        <test-method status="PASS" signature="setUp()[pri:0, instance:com.datadriven.test.HalfEbayTest@366e2eef]" name="setUp" is-config="true" duration-ms="10584" started-at="2017-12-25T21:22:08Z" finished-at="2017-12-25T21:22:19Z">
          <reporter-output>
          </reporter-output>
        </test-method> <!-- setUp -->
        <test-method status="PASS" signature="halfEbayTest(java.lang.String, java.lang.String, java.lang.String, java.lang.String, java.lang.String, java.lang.String, java.lang.String, java.lang.String)[pri:0, instance:com.datadriven.test.HalfEbayTest@366e2eef]" name="halfEbayTest" duration-ms="3728" started-at="2017-12-25T21:22:19Z" data-provider="getTestData" finished-at="2017-12-25T21:22:23Z">
          <params>
            <param index="0">
              <value>
                <![CDATA[Avnish125]]>
              </value>
            </param>
            <param index="1">
              <value>
                <![CDATA[Singh]]>
              </value>
            </param>
            <param index="2">
              <value>
                <![CDATA[Hari Om Vihar]]>
              </value>
            </param>
            <param index="3">
              <value>
                <![CDATA[Brajrajnagar3]]>
              </value>
            </param>
            <param index="4">
              <value>
                <![CDATA[Sunnyvale]]>
              </value>
            </param>
            <param index="5">
              <value>
                <![CDATA[California]]>
              </value>
            </param>
            <param index="6">
              <value>
                <![CDATA[90001]]>
              </value>
            </param>
            <param index="7">
              <value>
                <![CDATA[avnishsingh5678@gmail.com]]>
              </value>
            </param>
          </params>
          <reporter-output>
          </reporter-output>
        </test-method> <!-- halfEbayTest -->
        <test-method status="PASS" signature="tearDown()[pri:0, instance:com.datadriven.test.HalfEbayTest@366e2eef]" name="tearDown" is-config="true" duration-ms="727" started-at="2017-12-25T21:22:23Z" finished-at="2017-12-25T21:22:23Z">
          <reporter-output>
          </reporter-output>
        </test-method> <!-- tearDown -->
        <test-method status="PASS" signature="setUp()[pri:0, instance:com.datadriven.test.HalfEbayTest@366e2eef]" name="setUp" is-config="true" duration-ms="10275" started-at="2017-12-25T21:22:23Z" finished-at="2017-12-25T21:22:34Z">
          <reporter-output>
          </reporter-output>
        </test-method> <!-- setUp -->
        <test-method status="PASS" signature="halfEbayTest(java.lang.String, java.lang.String, java.lang.String, java.lang.String, java.lang.String, java.lang.String, java.lang.String, java.lang.String)[pri:0, instance:com.datadriven.test.HalfEbayTest@366e2eef]" name="halfEbayTest" duration-ms="3719" started-at="2017-12-25T21:22:34Z" data-provider="getTestData" finished-at="2017-12-25T21:22:37Z">
          <params>
            <param index="0">
              <value>
                <![CDATA[Avnish126]]>
              </value>
            </param>
            <param index="1">
              <value>
                <![CDATA[Singh]]>
              </value>
            </param>
            <param index="2">
              <value>
                <![CDATA[Hari Om Vihar]]>
              </value>
            </param>
            <param index="3">
              <value>
                <![CDATA[Brajrajnagar4]]>
              </value>
            </param>
            <param index="4">
              <value>
                <![CDATA[Sunnyvale]]>
              </value>
            </param>
            <param index="5">
              <value>
                <![CDATA[California]]>
              </value>
            </param>
            <param index="6">
              <value>
                <![CDATA[90001]]>
              </value>
            </param>
            <param index="7">
              <value>
                <![CDATA[avnishsingh5678@gmail.com]]>
              </value>
            </param>
          </params>
          <reporter-output>
          </reporter-output>
        </test-method> <!-- halfEbayTest -->
        <test-method status="PASS" signature="tearDown()[pri:0, instance:com.datadriven.test.HalfEbayTest@366e2eef]" name="tearDown" is-config="true" duration-ms="705" started-at="2017-12-25T21:22:37Z" finished-at="2017-12-25T21:22:38Z">
          <reporter-output>
          </reporter-output>
        </test-method> <!-- tearDown -->
      </class> <!-- com.datadriven.test.HalfEbayTest -->
      <class name="com.naveenWebDriver.GoogleSearchTest">
        <test-method status="PASS" signature="testCase1()[pri:0, instance:com.naveenWebDriver.GoogleSearchTest@36f6e879]" name="testCase1" duration-ms="12379" started-at="2017-12-25T21:22:38Z" finished-at="2017-12-25T21:22:51Z">
          <reporter-output>
          </reporter-output>
        </test-method> <!-- testCase1 -->
      </class> <!-- com.naveenWebDriver.GoogleSearchTest -->
      <class name="com.naveentestNG.GoogleTest">
        <test-method status="PASS" signature="setUp()[pri:0, instance:com.naveentestNG.GoogleTest@35fb3008]" name="setUp" is-config="true" duration-ms="7367" started-at="2017-12-25T21:23:34Z" finished-at="2017-12-25T21:23:42Z">
          <reporter-output>
          </reporter-output>
        </test-method> <!-- setUp -->
        <test-method status="PASS" signature="googleTitleTest()[pri:1, instance:com.naveentestNG.GoogleTest@35fb3008]" name="googleTitleTest" duration-ms="16" started-at="2017-12-25T21:23:42Z" finished-at="2017-12-25T21:23:42Z">
          <reporter-output>
          </reporter-output>
        </test-method> <!-- googleTitleTest -->
        <test-method status="PASS" signature="tearDown()[pri:0, instance:com.naveentestNG.GoogleTest@35fb3008]" name="tearDown" is-config="true" duration-ms="660" started-at="2017-12-25T21:23:42Z" finished-at="2017-12-25T21:23:42Z">
          <reporter-output>
          </reporter-output>
        </test-method> <!-- tearDown -->
        <test-method status="PASS" signature="setUp()[pri:0, instance:com.naveentestNG.GoogleTest@35fb3008]" name="setUp" is-config="true" duration-ms="7506" started-at="2017-12-25T21:23:42Z" finished-at="2017-12-25T21:23:50Z">
          <reporter-output>
          </reporter-output>
        </test-method> <!-- setUp -->
        <test-method status="FAIL" signature="googleLogoTest()[pri:2, instance:com.naveentestNG.GoogleTest@35fb3008]" name="googleLogoTest" duration-ms="20062" started-at="2017-12-25T21:23:50Z" finished-at="2017-12-25T21:24:10Z">
          <exception class="org.openqa.selenium.NoSuchElementException">
            <message>
              <![CDATA[no such element: Unable to locate element: {"method":"xpath","selector":"//img[@id='hplogo']"}
  (Session info: chrome=63.0.3239.108)
  (Driver info: chromedriver=2.33.506120 (e3e53437346286c0bc2d2dc9aa4915ba81d9023f),platform=Windows NT 10.0.16299 x86_64) (WARNING: The server did not provide any stacktrace information)
Command duration or timeout: 0 milliseconds
For documentation on this error, please visit: http://seleniumhq.org/exceptions/no_such_element.html
Build info: version: '3.6.0', revision: '6fbf3ec767', time: '2017-09-27T15:28:36.4Z'
System info: host: 'DESKTOP-16VI708', ip: '192.168.0.101', os.name: 'Windows 10', os.arch: 'amd64', os.version: '10.0', java.version: '1.8.0_151'
Driver info: org.openqa.selenium.chrome.ChromeDriver
Capabilities [{mobileEmulationEnabled=false, hasTouchScreen=false, platform=XP, acceptSslCerts=true, webStorageEnabled=true, browserName=chrome, takesScreenshot=true, javascriptEnabled=true, platformName=XP, setWindowRect=true, unexpectedAlertBehaviour=, applicationCacheEnabled=false, rotatable=false, networkConnectionEnabled=false, chrome={chromedriverVersion=2.33.506120 (e3e53437346286c0bc2d2dc9aa4915ba81d9023f), userDataDir=C:\Users\Kitty\AppData\Local\Temp\scoped_dir872_27986}, takesHeapSnapshot=true, pageLoadStrategy=normal, unhandledPromptBehavior=, databaseEnabled=false, handlesAlerts=true, version=63.0.3239.108, browserConnectionEnabled=false, nativeEvents=true, locationContextEnabled=true, cssSelectorsEnabled=true}]
Session ID: 7e2a9d7f5c863213dd90782c6dd71335
*** Element info: {Using=xpath, value=//img[@id='hplogo']}]]>
            </message>
            <full-stacktrace>
              <![CDATA[org.openqa.selenium.NoSuchElementException: no such element: Unable to locate element: {"method":"xpath","selector":"//img[@id='hplogo']"}
  (Session info: chrome=63.0.3239.108)
  (Driver info: chromedriver=2.33.506120 (e3e53437346286c0bc2d2dc9aa4915ba81d9023f),platform=Windows NT 10.0.16299 x86_64) (WARNING: The server did not provide any stacktrace information)
Command duration or timeout: 0 milliseconds
For documentation on this error, please visit: http://seleniumhq.org/exceptions/no_such_element.html
Build info: version: '3.6.0', revision: '6fbf3ec767', time: '2017-09-27T15:28:36.4Z'
System info: host: 'DESKTOP-16VI708', ip: '192.168.0.101', os.name: 'Windows 10', os.arch: 'amd64', os.version: '10.0', java.version: '1.8.0_151'
Driver info: org.openqa.selenium.chrome.ChromeDriver
Capabilities [{mobileEmulationEnabled=false, hasTouchScreen=false, platform=XP, acceptSslCerts=true, webStorageEnabled=true, browserName=chrome, takesScreenshot=true, javascriptEnabled=true, platformName=XP, setWindowRect=true, unexpectedAlertBehaviour=, applicationCacheEnabled=false, rotatable=false, networkConnectionEnabled=false, chrome={chromedriverVersion=2.33.506120 (e3e53437346286c0bc2d2dc9aa4915ba81d9023f), userDataDir=C:\Users\Kitty\AppData\Local\Temp\scoped_dir872_27986}, takesHeapSnapshot=true, pageLoadStrategy=normal, unhandledPromptBehavior=, databaseEnabled=false, handlesAlerts=true, version=63.0.3239.108, browserConnectionEnabled=false, nativeEvents=true, locationContextEnabled=true, cssSelectorsEnabled=true}]
Session ID: 7e2a9d7f5c863213dd90782c6dd71335
*** Element info: {Using=xpath, value=//img[@id='hplogo']}
	at sun.reflect.NativeConstructorAccessorImpl.newInstance0(Native Method)
	at sun.reflect.NativeConstructorAccessorImpl.newInstance(Unknown Source)
	at sun.reflect.DelegatingConstructorAccessorImpl.newInstance(Unknown Source)
	at java.lang.reflect.Constructor.newInstance(Unknown Source)
	at org.openqa.selenium.remote.ErrorHandler.createThrowable(ErrorHandler.java:214)
	at org.openqa.selenium.remote.ErrorHandler.throwIfResponseFailed(ErrorHandler.java:166)
	at org.openqa.selenium.remote.http.JsonHttpResponseCodec.reconstructValue(JsonHttpResponseCodec.java:40)
	at org.openqa.selenium.remote.http.AbstractHttpResponseCodec.decode(AbstractHttpResponseCodec.java:82)
	at org.openqa.selenium.remote.http.AbstractHttpResponseCodec.decode(AbstractHttpResponseCodec.java:45)
	at org.openqa.selenium.remote.HttpCommandExecutor.execute(HttpCommandExecutor.java:164)
	at org.openqa.selenium.remote.service.DriverCommandExecutor.execute(DriverCommandExecutor.java:83)
	at org.openqa.selenium.remote.RemoteWebDriver.execute(RemoteWebDriver.java:586)
	at org.openqa.selenium.remote.RemoteWebDriver.findElement(RemoteWebDriver.java:356)
	at org.openqa.selenium.remote.RemoteWebDriver.findElementByXPath(RemoteWebDriver.java:458)
	at org.openqa.selenium.By$ByXPath.findElement(By.java:361)
	at org.openqa.selenium.remote.RemoteWebDriver.findElement(RemoteWebDriver.java:348)
	at com.naveentestNG.GoogleTest.googleLogoTest(GoogleTest.java:35)
	at sun.reflect.NativeMethodAccessorImpl.invoke0(Native Method)
	at sun.reflect.NativeMethodAccessorImpl.invoke(Unknown Source)
	at sun.reflect.DelegatingMethodAccessorImpl.invoke(Unknown Source)
	at java.lang.reflect.Method.invoke(Unknown Source)
	at org.testng.internal.MethodInvocationHelper.invokeMethod(MethodInvocationHelper.java:104)
	at org.testng.internal.Invoker.invokeMethod(Invoker.java:645)
	at org.testng.internal.Invoker.invokeTestMethod(Invoker.java:851)
	at org.testng.internal.Invoker.invokeTestMethods(Invoker.java:1177)
	at org.testng.internal.TestMethodWorker.invokeTestMethods(TestMethodWorker.java:129)
	at org.testng.internal.TestMethodWorker.run(TestMethodWorker.java:112)
	at org.testng.TestRunner.privateRun(TestRunner.java:756)
	at org.testng.TestRunner.run(TestRunner.java:610)
	at org.testng.SuiteRunner.runTest(SuiteRunner.java:387)
	at org.testng.SuiteRunner.runSequentially(SuiteRunner.java:382)
	at org.testng.SuiteRunner.privateRun(SuiteRunner.java:340)
	at org.testng.SuiteRunner.run(SuiteRunner.java:289)
	at org.testng.SuiteRunnerWorker.runSuite(SuiteRunnerWorker.java:52)
	at org.testng.SuiteRunnerWorker.run(SuiteRunnerWorker.java:86)
	at org.testng.TestNG.runSuitesSequentially(TestNG.java:1293)
	at org.testng.TestNG.runSuitesLocally(TestNG.java:1218)
	at org.testng.TestNG.runSuites(TestNG.java:1133)
	at org.testng.TestNG.run(TestNG.java:1104)
	at org.apache.maven.surefire.testng.TestNGExecutor.run(TestNGExecutor.java:77)
	at org.apache.maven.surefire.testng.TestNGDirectoryTestSuite.executeMulti(TestNGDirectoryTestSuite.java:159)
	at org.apache.maven.surefire.testng.TestNGDirectoryTestSuite.execute(TestNGDirectoryTestSuite.java:99)
	at org.apache.maven.surefire.testng.TestNGProvider.invoke(TestNGProvider.java:106)
	at sun.reflect.NativeMethodAccessorImpl.invoke0(Native Method)
	at sun.reflect.NativeMethodAccessorImpl.invoke(Unknown Source)
	at sun.reflect.DelegatingMethodAccessorImpl.invoke(Unknown Source)
	at java.lang.reflect.Method.invoke(Unknown Source)
	at org.apache.maven.surefire.util.ReflectionUtils.invokeMethodWithArray(ReflectionUtils.java:189)
	at org.apache.maven.surefire.booter.ProviderFactory$ProviderProxy.invoke(ProviderFactory.java:165)
	at org.apache.maven.surefire.booter.ProviderFactory.invokeProvider(ProviderFactory.java:85)
	at org.apache.maven.surefire.booter.ForkedBooter.runSuitesInProcess(ForkedBooter.java:115)
	at org.apache.maven.surefire.booter.ForkedBooter.main(ForkedBooter.java:75)
]]>
            </full-stacktrace>
          </exception> <!-- org.openqa.selenium.NoSuchElementException -->
          <reporter-output>
          </reporter-output>
        </test-method> <!-- googleLogoTest -->
        <test-method status="PASS" signature="tearDown()[pri:0, instance:com.naveentestNG.GoogleTest@35fb3008]" name="tearDown" is-config="true" duration-ms="768" started-at="2017-12-25T21:24:10Z" finished-at="2017-12-25T21:24:11Z">
          <reporter-output>
          </reporter-output>
        </test-method> <!-- tearDown -->
        <test-method status="PASS" signature="setUp()[pri:0, instance:com.naveentestNG.GoogleTest@35fb3008]" name="setUp" is-config="true" duration-ms="7097" started-at="2017-12-25T21:24:11Z" finished-at="2017-12-25T21:24:18Z">
          <reporter-output>
          </reporter-output>
        </test-method> <!-- setUp -->
        <test-method status="PASS" signature="testCase2()[pri:3, instance:com.naveentestNG.GoogleTest@35fb3008]" name="testCase2" duration-ms="1" started-at="2017-12-25T21:24:18Z" finished-at="2017-12-25T21:24:18Z">
          <reporter-output>
          </reporter-output>
        </test-method> <!-- testCase2 -->
        <test-method status="PASS" signature="tearDown()[pri:0, instance:com.naveentestNG.GoogleTest@35fb3008]" name="tearDown" is-config="true" duration-ms="673" started-at="2017-12-25T21:24:18Z" finished-at="2017-12-25T21:24:18Z">
          <reporter-output>
          </reporter-output>
        </test-method> <!-- tearDown -->
        <test-method status="PASS" signature="setUp()[pri:0, instance:com.naveentestNG.GoogleTest@35fb3008]" name="setUp" is-config="true" duration-ms="6895" started-at="2017-12-25T21:24:18Z" finished-at="2017-12-25T21:24:25Z">
          <reporter-output>
          </reporter-output>
        </test-method> <!-- setUp -->
        <test-method status="PASS" signature="testCase3()[pri:6, instance:com.naveentestNG.GoogleTest@35fb3008]" name="testCase3" duration-ms="1" started-at="2017-12-25T21:24:25Z" finished-at="2017-12-25T21:24:25Z">
          <reporter-output>
          </reporter-output>
        </test-method> <!-- testCase3 -->
        <test-method status="PASS" signature="tearDown()[pri:0, instance:com.naveentestNG.GoogleTest@35fb3008]" name="tearDown" is-config="true" duration-ms="667" started-at="2017-12-25T21:24:25Z" finished-at="2017-12-25T21:24:26Z">
          <reporter-output>
          </reporter-output>
        </test-method> <!-- tearDown -->
        <test-method status="PASS" signature="setUp()[pri:0, instance:com.naveentestNG.GoogleTest@35fb3008]" name="setUp" is-config="true" duration-ms="7450" started-at="2017-12-25T21:24:26Z" finished-at="2017-12-25T21:24:33Z">
          <reporter-output>
          </reporter-output>
        </test-method> <!-- setUp -->
        <test-method status="PASS" signature="tearDown()[pri:0, instance:com.naveentestNG.GoogleTest@35fb3008]" name="tearDown" is-config="true" duration-ms="712" started-at="2017-12-25T21:24:33Z" finished-at="2017-12-25T21:24:34Z">
          <reporter-output>
          </reporter-output>
        </test-method> <!-- tearDown -->
        <test-method status="PASS" signature="testCase1()[pri:9, instance:com.naveentestNG.GoogleTest@35fb3008]" name="testCase1" duration-ms="0" started-at="2017-12-25T21:24:33Z" finished-at="2017-12-25T21:24:33Z">
          <reporter-output>
          </reporter-output>
        </test-method> <!-- testCase1 -->
      </class> <!-- com.naveentestNG.GoogleTest -->
      <class name="com.interviewQuestionsWebDriver.TestngException">
        <test-method status="PASS" signature="dividedByZeroExample1()[pri:0, instance:com.interviewQuestionsWebDriver.TestngException@6df97b55]" name="dividedByZeroExample1" duration-ms="1" started-at="2017-12-25T21:22:38Z" finished-at="2017-12-25T21:22:38Z">
          <exception class="java.lang.ArithmeticException">
            <message>
              <![CDATA[/ by zero]]>
            </message>
            <full-stacktrace>
              <![CDATA[java.lang.ArithmeticException: / by zero
	at com.interviewQuestionsWebDriver.TestngException.dividedByZeroExample1(TestngException.java:9)
	at sun.reflect.NativeMethodAccessorImpl.invoke0(Native Method)
	at sun.reflect.NativeMethodAccessorImpl.invoke(Unknown Source)
	at sun.reflect.DelegatingMethodAccessorImpl.invoke(Unknown Source)
	at java.lang.reflect.Method.invoke(Unknown Source)
	at org.testng.internal.MethodInvocationHelper.invokeMethod(MethodInvocationHelper.java:104)
	at org.testng.internal.Invoker.invokeMethod(Invoker.java:645)
	at org.testng.internal.Invoker.invokeTestMethod(Invoker.java:851)
	at org.testng.internal.Invoker.invokeTestMethods(Invoker.java:1177)
	at org.testng.internal.TestMethodWorker.invokeTestMethods(TestMethodWorker.java:129)
	at org.testng.internal.TestMethodWorker.run(TestMethodWorker.java:112)
	at org.testng.TestRunner.privateRun(TestRunner.java:756)
	at org.testng.TestRunner.run(TestRunner.java:610)
	at org.testng.SuiteRunner.runTest(SuiteRunner.java:387)
	at org.testng.SuiteRunner.runSequentially(SuiteRunner.java:382)
	at org.testng.SuiteRunner.privateRun(SuiteRunner.java:340)
	at org.testng.SuiteRunner.run(SuiteRunner.java:289)
	at org.testng.SuiteRunnerWorker.runSuite(SuiteRunnerWorker.java:52)
	at org.testng.SuiteRunnerWorker.run(SuiteRunnerWorker.java:86)
	at org.testng.TestNG.runSuitesSequentially(TestNG.java:1293)
	at org.testng.TestNG.runSuitesLocally(TestNG.java:1218)
	at org.testng.TestNG.runSuites(TestNG.java:1133)
	at org.testng.TestNG.run(TestNG.java:1104)
	at org.apache.maven.surefire.testng.TestNGExecutor.run(TestNGExecutor.java:77)
	at org.apache.maven.surefire.testng.TestNGDirectoryTestSuite.executeMulti(TestNGDirectoryTestSuite.java:159)
	at org.apache.maven.surefire.testng.TestNGDirectoryTestSuite.execute(TestNGDirectoryTestSuite.java:99)
	at org.apache.maven.surefire.testng.TestNGProvider.invoke(TestNGProvider.java:106)
	at sun.reflect.NativeMethodAccessorImpl.invoke0(Native Method)
	at sun.reflect.NativeMethodAccessorImpl.invoke(Unknown Source)
	at sun.reflect.DelegatingMethodAccessorImpl.invoke(Unknown Source)
	at java.lang.reflect.Method.invoke(Unknown Source)
	at org.apache.maven.surefire.util.ReflectionUtils.invokeMethodWithArray(ReflectionUtils.java:189)
	at org.apache.maven.surefire.booter.ProviderFactory$ProviderProxy.invoke(ProviderFactory.java:165)
	at org.apache.maven.surefire.booter.ProviderFactory.invokeProvider(ProviderFactory.java:85)
	at org.apache.maven.surefire.booter.ForkedBooter.runSuitesInProcess(ForkedBooter.java:115)
	at org.apache.maven.surefire.booter.ForkedBooter.main(ForkedBooter.java:75)
]]>
            </full-stacktrace>
          </exception> <!-- java.lang.ArithmeticException -->
          <reporter-output>
          </reporter-output>
        </test-method> <!-- dividedByZeroExample1 -->
        <test-method status="FAIL" signature="dividedByZeroExample2()[pri:0, instance:com.interviewQuestionsWebDriver.TestngException@6df97b55]" name="dividedByZeroExample2" duration-ms="0" started-at="2017-12-25T21:22:38Z" finished-at="2017-12-25T21:22:38Z">
          <exception class="java.lang.ArithmeticException">
            <message>
              <![CDATA[/ by zero]]>
            </message>
            <full-stacktrace>
              <![CDATA[java.lang.ArithmeticException: / by zero
	at com.interviewQuestionsWebDriver.TestngException.dividedByZeroExample2(TestngException.java:15)
	at sun.reflect.NativeMethodAccessorImpl.invoke0(Native Method)
	at sun.reflect.NativeMethodAccessorImpl.invoke(Unknown Source)
	at sun.reflect.DelegatingMethodAccessorImpl.invoke(Unknown Source)
	at java.lang.reflect.Method.invoke(Unknown Source)
	at org.testng.internal.MethodInvocationHelper.invokeMethod(MethodInvocationHelper.java:104)
	at org.testng.internal.Invoker.invokeMethod(Invoker.java:645)
	at org.testng.internal.Invoker.invokeTestMethod(Invoker.java:851)
	at org.testng.internal.Invoker.invokeTestMethods(Invoker.java:1177)
	at org.testng.internal.TestMethodWorker.invokeTestMethods(TestMethodWorker.java:129)
	at org.testng.internal.TestMethodWorker.run(TestMethodWorker.java:112)
	at org.testng.TestRunner.privateRun(TestRunner.java:756)
	at org.testng.TestRunner.run(TestRunner.java:610)
	at org.testng.SuiteRunner.runTest(SuiteRunner.java:387)
	at org.testng.SuiteRunner.runSequentially(SuiteRunner.java:382)
	at org.testng.SuiteRunner.privateRun(SuiteRunner.java:340)
	at org.testng.SuiteRunner.run(SuiteRunner.java:289)
	at org.testng.SuiteRunnerWorker.runSuite(SuiteRunnerWorker.java:52)
	at org.testng.SuiteRunnerWorker.run(SuiteRunnerWorker.java:86)
	at org.testng.TestNG.runSuitesSequentially(TestNG.java:1293)
	at org.testng.TestNG.runSuitesLocally(TestNG.java:1218)
	at org.testng.TestNG.runSuites(TestNG.java:1133)
	at org.testng.TestNG.run(TestNG.java:1104)
	at org.apache.maven.surefire.testng.TestNGExecutor.run(TestNGExecutor.java:77)
	at org.apache.maven.surefire.testng.TestNGDirectoryTestSuite.executeMulti(TestNGDirectoryTestSuite.java:159)
	at org.apache.maven.surefire.testng.TestNGDirectoryTestSuite.execute(TestNGDirectoryTestSuite.java:99)
	at org.apache.maven.surefire.testng.TestNGProvider.invoke(TestNGProvider.java:106)
	at sun.reflect.NativeMethodAccessorImpl.invoke0(Native Method)
	at sun.reflect.NativeMethodAccessorImpl.invoke(Unknown Source)
	at sun.reflect.DelegatingMethodAccessorImpl.invoke(Unknown Source)
	at java.lang.reflect.Method.invoke(Unknown Source)
	at org.apache.maven.surefire.util.ReflectionUtils.invokeMethodWithArray(ReflectionUtils.java:189)
	at org.apache.maven.surefire.booter.ProviderFactory$ProviderProxy.invoke(ProviderFactory.java:165)
	at org.apache.maven.surefire.booter.ProviderFactory.invokeProvider(ProviderFactory.java:85)
	at org.apache.maven.surefire.booter.ForkedBooter.runSuitesInProcess(ForkedBooter.java:115)
	at org.apache.maven.surefire.booter.ForkedBooter.main(ForkedBooter.java:75)
]]>
            </full-stacktrace>
          </exception> <!-- java.lang.ArithmeticException -->
          <reporter-output>
          </reporter-output>
        </test-method> <!-- dividedByZeroExample2 -->
      </class> <!-- com.interviewQuestionsWebDriver.TestngException -->
    </test> <!-- Command line test -->
  </suite> <!-- Command line suite -->
</testng-results>
